<?xml version="1.0" encoding="UTF-8"?>
<testsuite name="example.vt.PostDummyInsert" tests="1" skipped="0" failures="0" errors="0" timestamp="2025-03-12T10:06:27" hostname="hyunui-MacBookPro.local" time="2.707">
  <properties/>
  <testcase name="test()" classname="example.vt.PostDummyInsert" time="2.707"/>
  <system-out><![CDATA[19:06:26.508 [Test worker] INFO org.springframework.test.context.support.AnnotationConfigContextLoaderUtils -- Could not detect default configuration classes for test class [example.vt.PostDummyInsert]: PostDummyInsert does not declare any static, non-private, non-final, nested classes annotated with @Configuration.
19:06:26.544 [Test worker] INFO org.springframework.boot.test.context.SpringBootTestContextBootstrapper -- Found @SpringBootConfiguration example.vt.VtApplication for test class example.vt.PostDummyInsert

  .   ____          _            __ _ _
 /\\ / ___'_ __ _ _(_)_ __  __ _ \ \ \ \
( ( )\___ | '_ | '_| | '_ \/ _` | \ \ \ \
 \\/  ___)| |_)| | | | | || (_| |  ) ) ) )
  '  |____| .__|_| |_|_| |_\__, | / / / /
 =========|_|==============|___/=/_/_/_/

 :: Spring Boot ::                (v3.4.3)

2025-03-12T19:06:26.670+09:00  INFO 60568 --- [vt] [    Test worker] example.vt.PostDummyInsert               : Starting PostDummyInsert using Java 17.0.13 with PID 60568 (started by hyun in /Users/hyun/Projects/performance-test/vt)
2025-03-12T19:06:26.671+09:00  INFO 60568 --- [vt] [    Test worker] example.vt.PostDummyInsert               : No active profile set, falling back to 1 default profile: "default"
2025-03-12T19:06:26.853+09:00  INFO 60568 --- [vt] [    Test worker] .s.d.r.c.RepositoryConfigurationDelegate : Bootstrapping Spring Data JPA repositories in DEFAULT mode.
2025-03-12T19:06:26.870+09:00  INFO 60568 --- [vt] [    Test worker] .s.d.r.c.RepositoryConfigurationDelegate : Finished Spring Data repository scanning in 13 ms. Found 1 JPA repository interface.
2025-03-12T19:06:27.000+09:00  INFO 60568 --- [vt] [    Test worker] o.hibernate.jpa.internal.util.LogHelper  : HHH000204: Processing PersistenceUnitInfo [name: default]
2025-03-12T19:06:27.014+09:00  INFO 60568 --- [vt] [    Test worker] org.hibernate.Version                    : HHH000412: Hibernate ORM core version 6.6.8.Final
2025-03-12T19:06:27.023+09:00  INFO 60568 --- [vt] [    Test worker] o.h.c.internal.RegionFactoryInitiator    : HHH000026: Second-level cache disabled
2025-03-12T19:06:27.104+09:00  INFO 60568 --- [vt] [    Test worker] o.s.o.j.p.SpringPersistenceUnitInfo      : No LoadTimeWeaver setup: ignoring JPA class transformer
2025-03-12T19:06:27.112+09:00  INFO 60568 --- [vt] [    Test worker] com.zaxxer.hikari.HikariDataSource       : HikariPool-1 - Starting...
2025-03-12T19:06:27.175+09:00  INFO 60568 --- [vt] [    Test worker] com.zaxxer.hikari.pool.HikariPool        : HikariPool-1 - Added connection com.mysql.cj.jdbc.ConnectionImpl@52657d5f
2025-03-12T19:06:27.176+09:00  INFO 60568 --- [vt] [    Test worker] com.zaxxer.hikari.HikariDataSource       : HikariPool-1 - Start completed.
2025-03-12T19:06:27.206+09:00  INFO 60568 --- [vt] [    Test worker] org.hibernate.orm.connections.pooling    : HHH10001005: Database info:
	Database JDBC URL [Connecting through datasource 'HikariDataSource (HikariPool-1)']
	Database driver: undefined/unknown
	Database version: 9.1
	Autocommit mode: undefined/unknown
	Isolation level: undefined/unknown
	Minimum pool size: undefined/unknown
	Maximum pool size: undefined/unknown
2025-03-12T19:06:27.440+09:00  INFO 60568 --- [vt] [    Test worker] o.h.e.t.j.p.i.JtaPlatformInitiator       : HHH000489: No JTA platform available (set 'hibernate.transaction.jta.platform' to enable JTA platform integration)
2025-03-12T19:06:27.460+09:00  INFO 60568 --- [vt] [    Test worker] j.LocalContainerEntityManagerFactoryBean : Initialized JPA EntityManagerFactory for persistence unit 'default'
2025-03-12T19:06:27.570+09:00  WARN 60568 --- [vt] [    Test worker] JpaBaseConfiguration$JpaWebConfiguration : spring.jpa.open-in-view is enabled by default. Therefore, database queries may be performed during view rendering. Explicitly configure spring.jpa.open-in-view to disable this warning
2025-03-12T19:06:27.698+09:00  INFO 60568 --- [vt] [    Test worker] example.vt.PostDummyInsert               : Started PostDummyInsert in 1.107 seconds (process running for 1.506)
Hibernate: 
    select
        next_val as id_val 
    from
        post_seq for update
Hibernate: 
    update
        post_seq 
    set
        next_val= ? 
    where
        next_val=?
Hibernate: 
    insert 
    into
        post
        (body, created_at, title, id) 
    values
        (?, ?, ?, ?)
Hibernate: 
    insert 
    into
        post
        (body, created_at, title, id) 
    values
        (?, ?, ?, ?)
Hibernate: 
    insert 
    into
        post
        (body, created_at, title, id) 
    values
        (?, ?, ?, ?)
Hibernate: 
    insert 
    into
        post
        (body, created_at, title, id) 
    values
        (?, ?, ?, ?)
Hibernate: 
    insert 
    into
        post
        (body, created_at, title, id) 
    values
        (?, ?, ?, ?)
Hibernate: 
    insert 
    into
        post
        (body, created_at, title, id) 
    values
        (?, ?, ?, ?)
Hibernate: 
    insert 
    into
        post
        (body, created_at, title, id) 
    values
        (?, ?, ?, ?)
Hibernate: 
    insert 
    into
        post
        (body, created_at, title, id) 
    values
        (?, ?, ?, ?)
Hibernate: 
    insert 
    into
        post
        (body, created_at, title, id) 
    values
        (?, ?, ?, ?)
Hibernate: 
    insert 
    into
        post
        (body, created_at, title, id) 
    values
        (?, ?, ?, ?)
Hibernate: 
    insert 
    into
        post
        (body, created_at, title, id) 
    values
        (?, ?, ?, ?)
Hibernate: 
    insert 
    into
        post
        (body, created_at, title, id) 
    values
        (?, ?, ?, ?)
Hibernate: 
    insert 
    into
        post
        (body, created_at, title, id) 
    values
        (?, ?, ?, ?)
Hibernate: 
    insert 
    into
        post
        (body, created_at, title, id) 
    values
        (?, ?, ?, ?)
Hibernate: 
    insert 
    into
        post
        (body, created_at, title, id) 
    values
        (?, ?, ?, ?)
Hibernate: 
    insert 
    into
        post
        (body, created_at, title, id) 
    values
        (?, ?, ?, ?)
Hibernate: 
    insert 
    into
        post
        (body, created_at, title, id) 
    values
        (?, ?, ?, ?)
Hibernate: 
    insert 
    into
        post
        (body, created_at, title, id) 
    values
        (?, ?, ?, ?)
Hibernate: 
    insert 
    into
        post
        (body, created_at, title, id) 
    values
        (?, ?, ?, ?)
Hibernate: 
    insert 
    into
        post
        (body, created_at, title, id) 
    values
        (?, ?, ?, ?)
Hibernate: 
    insert 
    into
        post
        (body, created_at, title, id) 
    values
        (?, ?, ?, ?)
Hibernate: 
    insert 
    into
        post
        (body, created_at, title, id) 
    values
        (?, ?, ?, ?)
Hibernate: 
    insert 
    into
        post
        (body, created_at, title, id) 
    values
        (?, ?, ?, ?)
Hibernate: 
    insert 
    into
        post
        (body, created_at, title, id) 
    values
        (?, ?, ?, ?)
Hibernate: 
    insert 
    into
        post
        (body, created_at, title, id) 
    values
        (?, ?, ?, ?)
Hibernate: 
    insert 
    into
        post
        (body, created_at, title, id) 
    values
        (?, ?, ?, ?)
Hibernate: 
    insert 
    into
        post
        (body, created_at, title, id) 
    values
        (?, ?, ?, ?)
Hibernate: 
    insert 
    into
        post
        (body, created_at, title, id) 
    values
        (?, ?, ?, ?)
Hibernate: 
    insert 
    into
        post
        (body, created_at, title, id) 
    values
        (?, ?, ?, ?)
Hibernate: 
    insert 
    into
        post
        (body, created_at, title, id) 
    values
        (?, ?, ?, ?)
Hibernate: 
    insert 
    into
        post
        (body, created_at, title, id) 
    values
        (?, ?, ?, ?)
Hibernate: 
    insert 
    into
        post
        (body, created_at, title, id) 
    values
        (?, ?, ?, ?)
Hibernate: 
    insert 
    into
        post
        (body, created_at, title, id) 
    values
        (?, ?, ?, ?)
Hibernate: 
    insert 
    into
        post
        (body, created_at, title, id) 
    values
        (?, ?, ?, ?)
Hibernate: 
    insert 
    into
        post
        (body, created_at, title, id) 
    values
        (?, ?, ?, ?)
Hibernate: 
    insert 
    into
        post
        (body, created_at, title, id) 
    values
        (?, ?, ?, ?)
Hibernate: 
    insert 
    into
        post
        (body, created_at, title, id) 
    values
        (?, ?, ?, ?)
Hibernate: 
    insert 
    into
        post
        (body, created_at, title, id) 
    values
        (?, ?, ?, ?)
Hibernate: 
    insert 
    into
        post
        (body, created_at, title, id) 
    values
        (?, ?, ?, ?)
Hibernate: 
    insert 
    into
        post
        (body, created_at, title, id) 
    values
        (?, ?, ?, ?)
Hibernate: 
    insert 
    into
        post
        (body, created_at, title, id) 
    values
        (?, ?, ?, ?)
Hibernate: 
    insert 
    into
        post
        (body, created_at, title, id) 
    values
        (?, ?, ?, ?)
Hibernate: 
    insert 
    into
        post
        (body, created_at, title, id) 
    values
        (?, ?, ?, ?)
Hibernate: 
    insert 
    into
        post
        (body, created_at, title, id) 
    values
        (?, ?, ?, ?)
Hibernate: 
    insert 
    into
        post
        (body, created_at, title, id) 
    values
        (?, ?, ?, ?)
Hibernate: 
    insert 
    into
        post
        (body, created_at, title, id) 
    values
        (?, ?, ?, ?)
Hibernate: 
    insert 
    into
        post
        (body, created_at, title, id) 
    values
        (?, ?, ?, ?)
Hibernate: 
    insert 
    into
        post
        (body, created_at, title, id) 
    values
        (?, ?, ?, ?)
Hibernate: 
    insert 
    into
        post
        (body, created_at, title, id) 
    values
        (?, ?, ?, ?)
Hibernate: 
    insert 
    into
        post
        (body, created_at, title, id) 
    values
        (?, ?, ?, ?)
Hibernate: 
    select
        next_val as id_val 
    from
        post_seq for update
Hibernate: 
    update
        post_seq 
    set
        next_val= ? 
    where
        next_val=?
Hibernate: 
    insert 
    into
        post
        (body, created_at, title, id) 
    values
        (?, ?, ?, ?)
Hibernate: 
    insert 
    into
        post
        (body, created_at, title, id) 
    values
        (?, ?, ?, ?)
Hibernate: 
    insert 
    into
        post
        (body, created_at, title, id) 
    values
        (?, ?, ?, ?)
Hibernate: 
    insert 
    into
        post
        (body, created_at, title, id) 
    values
        (?, ?, ?, ?)
Hibernate: 
    insert 
    into
        post
        (body, created_at, title, id) 
    values
        (?, ?, ?, ?)
Hibernate: 
    insert 
    into
        post
        (body, created_at, title, id) 
    values
        (?, ?, ?, ?)
Hibernate: 
    insert 
    into
        post
        (body, created_at, title, id) 
    values
        (?, ?, ?, ?)
Hibernate: 
    insert 
    into
        post
        (body, created_at, title, id) 
    values
        (?, ?, ?, ?)
Hibernate: 
    insert 
    into
        post
        (body, created_at, title, id) 
    values
        (?, ?, ?, ?)
Hibernate: 
    insert 
    into
        post
        (body, created_at, title, id) 
    values
        (?, ?, ?, ?)
Hibernate: 
    insert 
    into
        post
        (body, created_at, title, id) 
    values
        (?, ?, ?, ?)
Hibernate: 
    insert 
    into
        post
        (body, created_at, title, id) 
    values
        (?, ?, ?, ?)
Hibernate: 
    insert 
    into
        post
        (body, created_at, title, id) 
    values
        (?, ?, ?, ?)
Hibernate: 
    insert 
    into
        post
        (body, created_at, title, id) 
    values
        (?, ?, ?, ?)
Hibernate: 
    insert 
    into
        post
        (body, created_at, title, id) 
    values
        (?, ?, ?, ?)
Hibernate: 
    insert 
    into
        post
        (body, created_at, title, id) 
    values
        (?, ?, ?, ?)
Hibernate: 
    insert 
    into
        post
        (body, created_at, title, id) 
    values
        (?, ?, ?, ?)
Hibernate: 
    insert 
    into
        post
        (body, created_at, title, id) 
    values
        (?, ?, ?, ?)
Hibernate: 
    insert 
    into
        post
        (body, created_at, title, id) 
    values
        (?, ?, ?, ?)
Hibernate: 
    insert 
    into
        post
        (body, created_at, title, id) 
    values
        (?, ?, ?, ?)
Hibernate: 
    insert 
    into
        post
        (body, created_at, title, id) 
    values
        (?, ?, ?, ?)
Hibernate: 
    insert 
    into
        post
        (body, created_at, title, id) 
    values
        (?, ?, ?, ?)
Hibernate: 
    insert 
    into
        post
        (body, created_at, title, id) 
    values
        (?, ?, ?, ?)
Hibernate: 
    insert 
    into
        post
        (body, created_at, title, id) 
    values
        (?, ?, ?, ?)
Hibernate: 
    insert 
    into
        post
        (body, created_at, title, id) 
    values
        (?, ?, ?, ?)
Hibernate: 
    insert 
    into
        post
        (body, created_at, title, id) 
    values
        (?, ?, ?, ?)
Hibernate: 
    insert 
    into
        post
        (body, created_at, title, id) 
    values
        (?, ?, ?, ?)
Hibernate: 
    insert 
    into
        post
        (body, created_at, title, id) 
    values
        (?, ?, ?, ?)
Hibernate: 
    insert 
    into
        post
        (body, created_at, title, id) 
    values
        (?, ?, ?, ?)
Hibernate: 
    insert 
    into
        post
        (body, created_at, title, id) 
    values
        (?, ?, ?, ?)
Hibernate: 
    insert 
    into
        post
        (body, created_at, title, id) 
    values
        (?, ?, ?, ?)
Hibernate: 
    insert 
    into
        post
        (body, created_at, title, id) 
    values
        (?, ?, ?, ?)
Hibernate: 
    insert 
    into
        post
        (body, created_at, title, id) 
    values
        (?, ?, ?, ?)
Hibernate: 
    insert 
    into
        post
        (body, created_at, title, id) 
    values
        (?, ?, ?, ?)
Hibernate: 
    insert 
    into
        post
        (body, created_at, title, id) 
    values
        (?, ?, ?, ?)
Hibernate: 
    insert 
    into
        post
        (body, created_at, title, id) 
    values
        (?, ?, ?, ?)
Hibernate: 
    insert 
    into
        post
        (body, created_at, title, id) 
    values
        (?, ?, ?, ?)
Hibernate: 
    insert 
    into
        post
        (body, created_at, title, id) 
    values
        (?, ?, ?, ?)
Hibernate: 
    insert 
    into
        post
        (body, created_at, title, id) 
    values
        (?, ?, ?, ?)
Hibernate: 
    insert 
    into
        post
        (body, created_at, title, id) 
    values
        (?, ?, ?, ?)
Hibernate: 
    insert 
    into
        post
        (body, created_at, title, id) 
    values
        (?, ?, ?, ?)
Hibernate: 
    insert 
    into
        post
        (body, created_at, title, id) 
    values
        (?, ?, ?, ?)
Hibernate: 
    insert 
    into
        post
        (body, created_at, title, id) 
    values
        (?, ?, ?, ?)
Hibernate: 
    insert 
    into
        post
        (body, created_at, title, id) 
    values
        (?, ?, ?, ?)
Hibernate: 
    insert 
    into
        post
        (body, created_at, title, id) 
    values
        (?, ?, ?, ?)
Hibernate: 
    insert 
    into
        post
        (body, created_at, title, id) 
    values
        (?, ?, ?, ?)
Hibernate: 
    insert 
    into
        post
        (body, created_at, title, id) 
    values
        (?, ?, ?, ?)
Hibernate: 
    insert 
    into
        post
        (body, created_at, title, id) 
    values
        (?, ?, ?, ?)
Hibernate: 
    insert 
    into
        post
        (body, created_at, title, id) 
    values
        (?, ?, ?, ?)
Hibernate: 
    insert 
    into
        post
        (body, created_at, title, id) 
    values
        (?, ?, ?, ?)
Hibernate: 
    select
        next_val as id_val 
    from
        post_seq for update
Hibernate: 
    update
        post_seq 
    set
        next_val= ? 
    where
        next_val=?
Hibernate: 
    insert 
    into
        post
        (body, created_at, title, id) 
    values
        (?, ?, ?, ?)
Hibernate: 
    insert 
    into
        post
        (body, created_at, title, id) 
    values
        (?, ?, ?, ?)
Hibernate: 
    insert 
    into
        post
        (body, created_at, title, id) 
    values
        (?, ?, ?, ?)
Hibernate: 
    insert 
    into
        post
        (body, created_at, title, id) 
    values
        (?, ?, ?, ?)
Hibernate: 
    insert 
    into
        post
        (body, created_at, title, id) 
    values
        (?, ?, ?, ?)
Hibernate: 
    insert 
    into
        post
        (body, created_at, title, id) 
    values
        (?, ?, ?, ?)
Hibernate: 
    insert 
    into
        post
        (body, created_at, title, id) 
    values
        (?, ?, ?, ?)
Hibernate: 
    insert 
    into
        post
        (body, created_at, title, id) 
    values
        (?, ?, ?, ?)
Hibernate: 
    insert 
    into
        post
        (body, created_at, title, id) 
    values
        (?, ?, ?, ?)
Hibernate: 
    insert 
    into
        post
        (body, created_at, title, id) 
    values
        (?, ?, ?, ?)
Hibernate: 
    insert 
    into
        post
        (body, created_at, title, id) 
    values
        (?, ?, ?, ?)
Hibernate: 
    insert 
    into
        post
        (body, created_at, title, id) 
    values
        (?, ?, ?, ?)
Hibernate: 
    insert 
    into
        post
        (body, created_at, title, id) 
    values
        (?, ?, ?, ?)
Hibernate: 
    insert 
    into
        post
        (body, created_at, title, id) 
    values
        (?, ?, ?, ?)
Hibernate: 
    insert 
    into
        post
        (body, created_at, title, id) 
    values
        (?, ?, ?, ?)
Hibernate: 
    insert 
    into
        post
        (body, created_at, title, id) 
    values
        (?, ?, ?, ?)
Hibernate: 
    insert 
    into
        post
        (body, created_at, title, id) 
    values
        (?, ?, ?, ?)
Hibernate: 
    insert 
    into
        post
        (body, created_at, title, id) 
    values
        (?, ?, ?, ?)
Hibernate: 
    insert 
    into
        post
        (body, created_at, title, id) 
    values
        (?, ?, ?, ?)
Hibernate: 
    insert 
    into
        post
        (body, created_at, title, id) 
    values
        (?, ?, ?, ?)
Hibernate: 
    insert 
    into
        post
        (body, created_at, title, id) 
    values
        (?, ?, ?, ?)
Hibernate: 
    insert 
    into
        post
        (body, created_at, title, id) 
    values
        (?, ?, ?, ?)
Hibernate: 
    insert 
    into
        post
        (body, created_at, title, id) 
    values
        (?, ?, ?, ?)
Hibernate: 
    insert 
    into
        post
        (body, created_at, title, id) 
    values
        (?, ?, ?, ?)
Hibernate: 
    insert 
    into
        post
        (body, created_at, title, id) 
    values
        (?, ?, ?, ?)
Hibernate: 
    insert 
    into
        post
        (body, created_at, title, id) 
    values
        (?, ?, ?, ?)
Hibernate: 
    insert 
    into
        post
        (body, created_at, title, id) 
    values
        (?, ?, ?, ?)
Hibernate: 
    insert 
    into
        post
        (body, created_at, title, id) 
    values
        (?, ?, ?, ?)
Hibernate: 
    insert 
    into
        post
        (body, created_at, title, id) 
    values
        (?, ?, ?, ?)
Hibernate: 
    insert 
    into
        post
        (body, created_at, title, id) 
    values
        (?, ?, ?, ?)
Hibernate: 
    insert 
    into
        post
        (body, created_at, title, id) 
    values
        (?, ?, ?, ?)
Hibernate: 
    insert 
    into
        post
        (body, created_at, title, id) 
    values
        (?, ?, ?, ?)
Hibernate: 
    insert 
    into
        post
        (body, created_at, title, id) 
    values
        (?, ?, ?, ?)
Hibernate: 
    insert 
    into
        post
        (body, created_at, title, id) 
    values
        (?, ?, ?, ?)
Hibernate: 
    insert 
    into
        post
        (body, created_at, title, id) 
    values
        (?, ?, ?, ?)
Hibernate: 
    insert 
    into
        post
        (body, created_at, title, id) 
    values
        (?, ?, ?, ?)
Hibernate: 
    insert 
    into
        post
        (body, created_at, title, id) 
    values
        (?, ?, ?, ?)
Hibernate: 
    insert 
    into
        post
        (body, created_at, title, id) 
    values
        (?, ?, ?, ?)
Hibernate: 
    insert 
    into
        post
        (body, created_at, title, id) 
    values
        (?, ?, ?, ?)
Hibernate: 
    insert 
    into
        post
        (body, created_at, title, id) 
    values
        (?, ?, ?, ?)
Hibernate: 
    insert 
    into
        post
        (body, created_at, title, id) 
    values
        (?, ?, ?, ?)
Hibernate: 
    insert 
    into
        post
        (body, created_at, title, id) 
    values
        (?, ?, ?, ?)
Hibernate: 
    insert 
    into
        post
        (body, created_at, title, id) 
    values
        (?, ?, ?, ?)
Hibernate: 
    insert 
    into
        post
        (body, created_at, title, id) 
    values
        (?, ?, ?, ?)
Hibernate: 
    insert 
    into
        post
        (body, created_at, title, id) 
    values
        (?, ?, ?, ?)
Hibernate: 
    insert 
    into
        post
        (body, created_at, title, id) 
    values
        (?, ?, ?, ?)
Hibernate: 
    insert 
    into
        post
        (body, created_at, title, id) 
    values
        (?, ?, ?, ?)
Hibernate: 
    insert 
    into
        post
        (body, created_at, title, id) 
    values
        (?, ?, ?, ?)
Hibernate: 
    insert 
    into
        post
        (body, created_at, title, id) 
    values
        (?, ?, ?, ?)
Hibernate: 
    insert 
    into
        post
        (body, created_at, title, id) 
    values
        (?, ?, ?, ?)
Hibernate: 
    select
        next_val as id_val 
    from
        post_seq for update
Hibernate: 
    update
        post_seq 
    set
        next_val= ? 
    where
        next_val=?
Hibernate: 
    insert 
    into
        post
        (body, created_at, title, id) 
    values
        (?, ?, ?, ?)
Hibernate: 
    insert 
    into
        post
        (body, created_at, title, id) 
    values
        (?, ?, ?, ?)
Hibernate: 
    insert 
    into
        post
        (body, created_at, title, id) 
    values
        (?, ?, ?, ?)
Hibernate: 
    insert 
    into
        post
        (body, created_at, title, id) 
    values
        (?, ?, ?, ?)
Hibernate: 
    insert 
    into
        post
        (body, created_at, title, id) 
    values
        (?, ?, ?, ?)
Hibernate: 
    insert 
    into
        post
        (body, created_at, title, id) 
    values
        (?, ?, ?, ?)
Hibernate: 
    insert 
    into
        post
        (body, created_at, title, id) 
    values
        (?, ?, ?, ?)
Hibernate: 
    insert 
    into
        post
        (body, created_at, title, id) 
    values
        (?, ?, ?, ?)
Hibernate: 
    insert 
    into
        post
        (body, created_at, title, id) 
    values
        (?, ?, ?, ?)
Hibernate: 
    insert 
    into
        post
        (body, created_at, title, id) 
    values
        (?, ?, ?, ?)
Hibernate: 
    insert 
    into
        post
        (body, created_at, title, id) 
    values
        (?, ?, ?, ?)
Hibernate: 
    insert 
    into
        post
        (body, created_at, title, id) 
    values
        (?, ?, ?, ?)
Hibernate: 
    insert 
    into
        post
        (body, created_at, title, id) 
    values
        (?, ?, ?, ?)
Hibernate: 
    insert 
    into
        post
        (body, created_at, title, id) 
    values
        (?, ?, ?, ?)
Hibernate: 
    insert 
    into
        post
        (body, created_at, title, id) 
    values
        (?, ?, ?, ?)
Hibernate: 
    insert 
    into
        post
        (body, created_at, title, id) 
    values
        (?, ?, ?, ?)
Hibernate: 
    insert 
    into
        post
        (body, created_at, title, id) 
    values
        (?, ?, ?, ?)
Hibernate: 
    insert 
    into
        post
        (body, created_at, title, id) 
    values
        (?, ?, ?, ?)
Hibernate: 
    insert 
    into
        post
        (body, created_at, title, id) 
    values
        (?, ?, ?, ?)
Hibernate: 
    insert 
    into
        post
        (body, created_at, title, id) 
    values
        (?, ?, ?, ?)
Hibernate: 
    insert 
    into
        post
        (body, created_at, title, id) 
    values
        (?, ?, ?, ?)
Hibernate: 
    insert 
    into
        post
        (body, created_at, title, id) 
    values
        (?, ?, ?, ?)
Hibernate: 
    insert 
    into
        post
        (body, created_at, title, id) 
    values
        (?, ?, ?, ?)
Hibernate: 
    insert 
    into
        post
        (body, created_at, title, id) 
    values
        (?, ?, ?, ?)
Hibernate: 
    insert 
    into
        post
        (body, created_at, title, id) 
    values
        (?, ?, ?, ?)
Hibernate: 
    insert 
    into
        post
        (body, created_at, title, id) 
    values
        (?, ?, ?, ?)
Hibernate: 
    insert 
    into
        post
        (body, created_at, title, id) 
    values
        (?, ?, ?, ?)
Hibernate: 
    insert 
    into
        post
        (body, created_at, title, id) 
    values
        (?, ?, ?, ?)
Hibernate: 
    insert 
    into
        post
        (body, created_at, title, id) 
    values
        (?, ?, ?, ?)
Hibernate: 
    insert 
    into
        post
        (body, created_at, title, id) 
    values
        (?, ?, ?, ?)
Hibernate: 
    insert 
    into
        post
        (body, created_at, title, id) 
    values
        (?, ?, ?, ?)
Hibernate: 
    insert 
    into
        post
        (body, created_at, title, id) 
    values
        (?, ?, ?, ?)
Hibernate: 
    insert 
    into
        post
        (body, created_at, title, id) 
    values
        (?, ?, ?, ?)
Hibernate: 
    insert 
    into
        post
        (body, created_at, title, id) 
    values
        (?, ?, ?, ?)
Hibernate: 
    insert 
    into
        post
        (body, created_at, title, id) 
    values
        (?, ?, ?, ?)
Hibernate: 
    insert 
    into
        post
        (body, created_at, title, id) 
    values
        (?, ?, ?, ?)
Hibernate: 
    insert 
    into
        post
        (body, created_at, title, id) 
    values
        (?, ?, ?, ?)
Hibernate: 
    insert 
    into
        post
        (body, created_at, title, id) 
    values
        (?, ?, ?, ?)
Hibernate: 
    insert 
    into
        post
        (body, created_at, title, id) 
    values
        (?, ?, ?, ?)
Hibernate: 
    insert 
    into
        post
        (body, created_at, title, id) 
    values
        (?, ?, ?, ?)
Hibernate: 
    insert 
    into
        post
        (body, created_at, title, id) 
    values
        (?, ?, ?, ?)
Hibernate: 
    insert 
    into
        post
        (body, created_at, title, id) 
    values
        (?, ?, ?, ?)
Hibernate: 
    insert 
    into
        post
        (body, created_at, title, id) 
    values
        (?, ?, ?, ?)
Hibernate: 
    insert 
    into
        post
        (body, created_at, title, id) 
    values
        (?, ?, ?, ?)
Hibernate: 
    insert 
    into
        post
        (body, created_at, title, id) 
    values
        (?, ?, ?, ?)
Hibernate: 
    insert 
    into
        post
        (body, created_at, title, id) 
    values
        (?, ?, ?, ?)
Hibernate: 
    insert 
    into
        post
        (body, created_at, title, id) 
    values
        (?, ?, ?, ?)
Hibernate: 
    insert 
    into
        post
        (body, created_at, title, id) 
    values
        (?, ?, ?, ?)
Hibernate: 
    insert 
    into
        post
        (body, created_at, title, id) 
    values
        (?, ?, ?, ?)
Hibernate: 
    insert 
    into
        post
        (body, created_at, title, id) 
    values
        (?, ?, ?, ?)
Hibernate: 
    select
        next_val as id_val 
    from
        post_seq for update
Hibernate: 
    update
        post_seq 
    set
        next_val= ? 
    where
        next_val=?
Hibernate: 
    insert 
    into
        post
        (body, created_at, title, id) 
    values
        (?, ?, ?, ?)
Hibernate: 
    insert 
    into
        post
        (body, created_at, title, id) 
    values
        (?, ?, ?, ?)
Hibernate: 
    insert 
    into
        post
        (body, created_at, title, id) 
    values
        (?, ?, ?, ?)
Hibernate: 
    insert 
    into
        post
        (body, created_at, title, id) 
    values
        (?, ?, ?, ?)
Hibernate: 
    insert 
    into
        post
        (body, created_at, title, id) 
    values
        (?, ?, ?, ?)
Hibernate: 
    insert 
    into
        post
        (body, created_at, title, id) 
    values
        (?, ?, ?, ?)
Hibernate: 
    insert 
    into
        post
        (body, created_at, title, id) 
    values
        (?, ?, ?, ?)
Hibernate: 
    insert 
    into
        post
        (body, created_at, title, id) 
    values
        (?, ?, ?, ?)
Hibernate: 
    insert 
    into
        post
        (body, created_at, title, id) 
    values
        (?, ?, ?, ?)
Hibernate: 
    insert 
    into
        post
        (body, created_at, title, id) 
    values
        (?, ?, ?, ?)
Hibernate: 
    insert 
    into
        post
        (body, created_at, title, id) 
    values
        (?, ?, ?, ?)
Hibernate: 
    insert 
    into
        post
        (body, created_at, title, id) 
    values
        (?, ?, ?, ?)
Hibernate: 
    insert 
    into
        post
        (body, created_at, title, id) 
    values
        (?, ?, ?, ?)
Hibernate: 
    insert 
    into
        post
        (body, created_at, title, id) 
    values
        (?, ?, ?, ?)
Hibernate: 
    insert 
    into
        post
        (body, created_at, title, id) 
    values
        (?, ?, ?, ?)
Hibernate: 
    insert 
    into
        post
        (body, created_at, title, id) 
    values
        (?, ?, ?, ?)
Hibernate: 
    insert 
    into
        post
        (body, created_at, title, id) 
    values
        (?, ?, ?, ?)
Hibernate: 
    insert 
    into
        post
        (body, created_at, title, id) 
    values
        (?, ?, ?, ?)
Hibernate: 
    insert 
    into
        post
        (body, created_at, title, id) 
    values
        (?, ?, ?, ?)
Hibernate: 
    insert 
    into
        post
        (body, created_at, title, id) 
    values
        (?, ?, ?, ?)
Hibernate: 
    insert 
    into
        post
        (body, created_at, title, id) 
    values
        (?, ?, ?, ?)
Hibernate: 
    insert 
    into
        post
        (body, created_at, title, id) 
    values
        (?, ?, ?, ?)
Hibernate: 
    insert 
    into
        post
        (body, created_at, title, id) 
    values
        (?, ?, ?, ?)
Hibernate: 
    insert 
    into
        post
        (body, created_at, title, id) 
    values
        (?, ?, ?, ?)
Hibernate: 
    insert 
    into
        post
        (body, created_at, title, id) 
    values
        (?, ?, ?, ?)
Hibernate: 
    insert 
    into
        post
        (body, created_at, title, id) 
    values
        (?, ?, ?, ?)
Hibernate: 
    insert 
    into
        post
        (body, created_at, title, id) 
    values
        (?, ?, ?, ?)
Hibernate: 
    insert 
    into
        post
        (body, created_at, title, id) 
    values
        (?, ?, ?, ?)
Hibernate: 
    insert 
    into
        post
        (body, created_at, title, id) 
    values
        (?, ?, ?, ?)
Hibernate: 
    insert 
    into
        post
        (body, created_at, title, id) 
    values
        (?, ?, ?, ?)
Hibernate: 
    insert 
    into
        post
        (body, created_at, title, id) 
    values
        (?, ?, ?, ?)
Hibernate: 
    insert 
    into
        post
        (body, created_at, title, id) 
    values
        (?, ?, ?, ?)
Hibernate: 
    insert 
    into
        post
        (body, created_at, title, id) 
    values
        (?, ?, ?, ?)
Hibernate: 
    insert 
    into
        post
        (body, created_at, title, id) 
    values
        (?, ?, ?, ?)
Hibernate: 
    insert 
    into
        post
        (body, created_at, title, id) 
    values
        (?, ?, ?, ?)
Hibernate: 
    insert 
    into
        post
        (body, created_at, title, id) 
    values
        (?, ?, ?, ?)
Hibernate: 
    insert 
    into
        post
        (body, created_at, title, id) 
    values
        (?, ?, ?, ?)
Hibernate: 
    insert 
    into
        post
        (body, created_at, title, id) 
    values
        (?, ?, ?, ?)
Hibernate: 
    insert 
    into
        post
        (body, created_at, title, id) 
    values
        (?, ?, ?, ?)
Hibernate: 
    insert 
    into
        post
        (body, created_at, title, id) 
    values
        (?, ?, ?, ?)
Hibernate: 
    insert 
    into
        post
        (body, created_at, title, id) 
    values
        (?, ?, ?, ?)
Hibernate: 
    insert 
    into
        post
        (body, created_at, title, id) 
    values
        (?, ?, ?, ?)
Hibernate: 
    insert 
    into
        post
        (body, created_at, title, id) 
    values
        (?, ?, ?, ?)
Hibernate: 
    insert 
    into
        post
        (body, created_at, title, id) 
    values
        (?, ?, ?, ?)
Hibernate: 
    insert 
    into
        post
        (body, created_at, title, id) 
    values
        (?, ?, ?, ?)
Hibernate: 
    insert 
    into
        post
        (body, created_at, title, id) 
    values
        (?, ?, ?, ?)
Hibernate: 
    insert 
    into
        post
        (body, created_at, title, id) 
    values
        (?, ?, ?, ?)
Hibernate: 
    insert 
    into
        post
        (body, created_at, title, id) 
    values
        (?, ?, ?, ?)
Hibernate: 
    insert 
    into
        post
        (body, created_at, title, id) 
    values
        (?, ?, ?, ?)
Hibernate: 
    insert 
    into
        post
        (body, created_at, title, id) 
    values
        (?, ?, ?, ?)
Hibernate: 
    select
        next_val as id_val 
    from
        post_seq for update
Hibernate: 
    update
        post_seq 
    set
        next_val= ? 
    where
        next_val=?
Hibernate: 
    insert 
    into
        post
        (body, created_at, title, id) 
    values
        (?, ?, ?, ?)
Hibernate: 
    insert 
    into
        post
        (body, created_at, title, id) 
    values
        (?, ?, ?, ?)
Hibernate: 
    insert 
    into
        post
        (body, created_at, title, id) 
    values
        (?, ?, ?, ?)
Hibernate: 
    insert 
    into
        post
        (body, created_at, title, id) 
    values
        (?, ?, ?, ?)
Hibernate: 
    insert 
    into
        post
        (body, created_at, title, id) 
    values
        (?, ?, ?, ?)
Hibernate: 
    insert 
    into
        post
        (body, created_at, title, id) 
    values
        (?, ?, ?, ?)
Hibernate: 
    insert 
    into
        post
        (body, created_at, title, id) 
    values
        (?, ?, ?, ?)
Hibernate: 
    insert 
    into
        post
        (body, created_at, title, id) 
    values
        (?, ?, ?, ?)
Hibernate: 
    insert 
    into
        post
        (body, created_at, title, id) 
    values
        (?, ?, ?, ?)
Hibernate: 
    insert 
    into
        post
        (body, created_at, title, id) 
    values
        (?, ?, ?, ?)
Hibernate: 
    insert 
    into
        post
        (body, created_at, title, id) 
    values
        (?, ?, ?, ?)
Hibernate: 
    insert 
    into
        post
        (body, created_at, title, id) 
    values
        (?, ?, ?, ?)
Hibernate: 
    insert 
    into
        post
        (body, created_at, title, id) 
    values
        (?, ?, ?, ?)
Hibernate: 
    insert 
    into
        post
        (body, created_at, title, id) 
    values
        (?, ?, ?, ?)
Hibernate: 
    insert 
    into
        post
        (body, created_at, title, id) 
    values
        (?, ?, ?, ?)
Hibernate: 
    insert 
    into
        post
        (body, created_at, title, id) 
    values
        (?, ?, ?, ?)
Hibernate: 
    insert 
    into
        post
        (body, created_at, title, id) 
    values
        (?, ?, ?, ?)
Hibernate: 
    insert 
    into
        post
        (body, created_at, title, id) 
    values
        (?, ?, ?, ?)
Hibernate: 
    insert 
    into
        post
        (body, created_at, title, id) 
    values
        (?, ?, ?, ?)
Hibernate: 
    insert 
    into
        post
        (body, created_at, title, id) 
    values
        (?, ?, ?, ?)
Hibernate: 
    insert 
    into
        post
        (body, created_at, title, id) 
    values
        (?, ?, ?, ?)
Hibernate: 
    insert 
    into
        post
        (body, created_at, title, id) 
    values
        (?, ?, ?, ?)
Hibernate: 
    insert 
    into
        post
        (body, created_at, title, id) 
    values
        (?, ?, ?, ?)
Hibernate: 
    insert 
    into
        post
        (body, created_at, title, id) 
    values
        (?, ?, ?, ?)
Hibernate: 
    insert 
    into
        post
        (body, created_at, title, id) 
    values
        (?, ?, ?, ?)
Hibernate: 
    insert 
    into
        post
        (body, created_at, title, id) 
    values
        (?, ?, ?, ?)
Hibernate: 
    insert 
    into
        post
        (body, created_at, title, id) 
    values
        (?, ?, ?, ?)
Hibernate: 
    insert 
    into
        post
        (body, created_at, title, id) 
    values
        (?, ?, ?, ?)
Hibernate: 
    insert 
    into
        post
        (body, created_at, title, id) 
    values
        (?, ?, ?, ?)
Hibernate: 
    insert 
    into
        post
        (body, created_at, title, id) 
    values
        (?, ?, ?, ?)
Hibernate: 
    insert 
    into
        post
        (body, created_at, title, id) 
    values
        (?, ?, ?, ?)
Hibernate: 
    insert 
    into
        post
        (body, created_at, title, id) 
    values
        (?, ?, ?, ?)
Hibernate: 
    insert 
    into
        post
        (body, created_at, title, id) 
    values
        (?, ?, ?, ?)
Hibernate: 
    insert 
    into
        post
        (body, created_at, title, id) 
    values
        (?, ?, ?, ?)
Hibernate: 
    insert 
    into
        post
        (body, created_at, title, id) 
    values
        (?, ?, ?, ?)
Hibernate: 
    insert 
    into
        post
        (body, created_at, title, id) 
    values
        (?, ?, ?, ?)
Hibernate: 
    insert 
    into
        post
        (body, created_at, title, id) 
    values
        (?, ?, ?, ?)
Hibernate: 
    insert 
    into
        post
        (body, created_at, title, id) 
    values
        (?, ?, ?, ?)
Hibernate: 
    insert 
    into
        post
        (body, created_at, title, id) 
    values
        (?, ?, ?, ?)
Hibernate: 
    insert 
    into
        post
        (body, created_at, title, id) 
    values
        (?, ?, ?, ?)
Hibernate: 
    insert 
    into
        post
        (body, created_at, title, id) 
    values
        (?, ?, ?, ?)
Hibernate: 
    insert 
    into
        post
        (body, created_at, title, id) 
    values
        (?, ?, ?, ?)
Hibernate: 
    insert 
    into
        post
        (body, created_at, title, id) 
    values
        (?, ?, ?, ?)
Hibernate: 
    insert 
    into
        post
        (body, created_at, title, id) 
    values
        (?, ?, ?, ?)
Hibernate: 
    insert 
    into
        post
        (body, created_at, title, id) 
    values
        (?, ?, ?, ?)
Hibernate: 
    insert 
    into
        post
        (body, created_at, title, id) 
    values
        (?, ?, ?, ?)
Hibernate: 
    insert 
    into
        post
        (body, created_at, title, id) 
    values
        (?, ?, ?, ?)
Hibernate: 
    insert 
    into
        post
        (body, created_at, title, id) 
    values
        (?, ?, ?, ?)
Hibernate: 
    insert 
    into
        post
        (body, created_at, title, id) 
    values
        (?, ?, ?, ?)
Hibernate: 
    insert 
    into
        post
        (body, created_at, title, id) 
    values
        (?, ?, ?, ?)
Hibernate: 
    select
        next_val as id_val 
    from
        post_seq for update
Hibernate: 
    update
        post_seq 
    set
        next_val= ? 
    where
        next_val=?
Hibernate: 
    insert 
    into
        post
        (body, created_at, title, id) 
    values
        (?, ?, ?, ?)
Hibernate: 
    insert 
    into
        post
        (body, created_at, title, id) 
    values
        (?, ?, ?, ?)
Hibernate: 
    insert 
    into
        post
        (body, created_at, title, id) 
    values
        (?, ?, ?, ?)
Hibernate: 
    insert 
    into
        post
        (body, created_at, title, id) 
    values
        (?, ?, ?, ?)
Hibernate: 
    insert 
    into
        post
        (body, created_at, title, id) 
    values
        (?, ?, ?, ?)
Hibernate: 
    insert 
    into
        post
        (body, created_at, title, id) 
    values
        (?, ?, ?, ?)
Hibernate: 
    insert 
    into
        post
        (body, created_at, title, id) 
    values
        (?, ?, ?, ?)
Hibernate: 
    insert 
    into
        post
        (body, created_at, title, id) 
    values
        (?, ?, ?, ?)
Hibernate: 
    insert 
    into
        post
        (body, created_at, title, id) 
    values
        (?, ?, ?, ?)
Hibernate: 
    insert 
    into
        post
        (body, created_at, title, id) 
    values
        (?, ?, ?, ?)
Hibernate: 
    insert 
    into
        post
        (body, created_at, title, id) 
    values
        (?, ?, ?, ?)
Hibernate: 
    insert 
    into
        post
        (body, created_at, title, id) 
    values
        (?, ?, ?, ?)
Hibernate: 
    insert 
    into
        post
        (body, created_at, title, id) 
    values
        (?, ?, ?, ?)
Hibernate: 
    insert 
    into
        post
        (body, created_at, title, id) 
    values
        (?, ?, ?, ?)
Hibernate: 
    insert 
    into
        post
        (body, created_at, title, id) 
    values
        (?, ?, ?, ?)
Hibernate: 
    insert 
    into
        post
        (body, created_at, title, id) 
    values
        (?, ?, ?, ?)
Hibernate: 
    insert 
    into
        post
        (body, created_at, title, id) 
    values
        (?, ?, ?, ?)
Hibernate: 
    insert 
    into
        post
        (body, created_at, title, id) 
    values
        (?, ?, ?, ?)
Hibernate: 
    insert 
    into
        post
        (body, created_at, title, id) 
    values
        (?, ?, ?, ?)
Hibernate: 
    insert 
    into
        post
        (body, created_at, title, id) 
    values
        (?, ?, ?, ?)
Hibernate: 
    insert 
    into
        post
        (body, created_at, title, id) 
    values
        (?, ?, ?, ?)
Hibernate: 
    insert 
    into
        post
        (body, created_at, title, id) 
    values
        (?, ?, ?, ?)
Hibernate: 
    insert 
    into
        post
        (body, created_at, title, id) 
    values
        (?, ?, ?, ?)
Hibernate: 
    insert 
    into
        post
        (body, created_at, title, id) 
    values
        (?, ?, ?, ?)
Hibernate: 
    insert 
    into
        post
        (body, created_at, title, id) 
    values
        (?, ?, ?, ?)
Hibernate: 
    insert 
    into
        post
        (body, created_at, title, id) 
    values
        (?, ?, ?, ?)
Hibernate: 
    insert 
    into
        post
        (body, created_at, title, id) 
    values
        (?, ?, ?, ?)
Hibernate: 
    insert 
    into
        post
        (body, created_at, title, id) 
    values
        (?, ?, ?, ?)
Hibernate: 
    insert 
    into
        post
        (body, created_at, title, id) 
    values
        (?, ?, ?, ?)
Hibernate: 
    insert 
    into
        post
        (body, created_at, title, id) 
    values
        (?, ?, ?, ?)
Hibernate: 
    insert 
    into
        post
        (body, created_at, title, id) 
    values
        (?, ?, ?, ?)
Hibernate: 
    insert 
    into
        post
        (body, created_at, title, id) 
    values
        (?, ?, ?, ?)
Hibernate: 
    insert 
    into
        post
        (body, created_at, title, id) 
    values
        (?, ?, ?, ?)
Hibernate: 
    insert 
    into
        post
        (body, created_at, title, id) 
    values
        (?, ?, ?, ?)
Hibernate: 
    insert 
    into
        post
        (body, created_at, title, id) 
    values
        (?, ?, ?, ?)
Hibernate: 
    insert 
    into
        post
        (body, created_at, title, id) 
    values
        (?, ?, ?, ?)
Hibernate: 
    insert 
    into
        post
        (body, created_at, title, id) 
    values
        (?, ?, ?, ?)
Hibernate: 
    insert 
    into
        post
        (body, created_at, title, id) 
    values
        (?, ?, ?, ?)
Hibernate: 
    insert 
    into
        post
        (body, created_at, title, id) 
    values
        (?, ?, ?, ?)
Hibernate: 
    insert 
    into
        post
        (body, created_at, title, id) 
    values
        (?, ?, ?, ?)
Hibernate: 
    insert 
    into
        post
        (body, created_at, title, id) 
    values
        (?, ?, ?, ?)
Hibernate: 
    insert 
    into
        post
        (body, created_at, title, id) 
    values
        (?, ?, ?, ?)
Hibernate: 
    insert 
    into
        post
        (body, created_at, title, id) 
    values
        (?, ?, ?, ?)
Hibernate: 
    insert 
    into
        post
        (body, created_at, title, id) 
    values
        (?, ?, ?, ?)
Hibernate: 
    insert 
    into
        post
        (body, created_at, title, id) 
    values
        (?, ?, ?, ?)
Hibernate: 
    insert 
    into
        post
        (body, created_at, title, id) 
    values
        (?, ?, ?, ?)
Hibernate: 
    insert 
    into
        post
        (body, created_at, title, id) 
    values
        (?, ?, ?, ?)
Hibernate: 
    insert 
    into
        post
        (body, created_at, title, id) 
    values
        (?, ?, ?, ?)
Hibernate: 
    insert 
    into
        post
        (body, created_at, title, id) 
    values
        (?, ?, ?, ?)
Hibernate: 
    insert 
    into
        post
        (body, created_at, title, id) 
    values
        (?, ?, ?, ?)
Hibernate: 
    select
        next_val as id_val 
    from
        post_seq for update
Hibernate: 
    update
        post_seq 
    set
        next_val= ? 
    where
        next_val=?
Hibernate: 
    insert 
    into
        post
        (body, created_at, title, id) 
    values
        (?, ?, ?, ?)
Hibernate: 
    insert 
    into
        post
        (body, created_at, title, id) 
    values
        (?, ?, ?, ?)
Hibernate: 
    insert 
    into
        post
        (body, created_at, title, id) 
    values
        (?, ?, ?, ?)
Hibernate: 
    insert 
    into
        post
        (body, created_at, title, id) 
    values
        (?, ?, ?, ?)
Hibernate: 
    insert 
    into
        post
        (body, created_at, title, id) 
    values
        (?, ?, ?, ?)
Hibernate: 
    insert 
    into
        post
        (body, created_at, title, id) 
    values
        (?, ?, ?, ?)
Hibernate: 
    insert 
    into
        post
        (body, created_at, title, id) 
    values
        (?, ?, ?, ?)
Hibernate: 
    insert 
    into
        post
        (body, created_at, title, id) 
    values
        (?, ?, ?, ?)
Hibernate: 
    insert 
    into
        post
        (body, created_at, title, id) 
    values
        (?, ?, ?, ?)
Hibernate: 
    insert 
    into
        post
        (body, created_at, title, id) 
    values
        (?, ?, ?, ?)
Hibernate: 
    insert 
    into
        post
        (body, created_at, title, id) 
    values
        (?, ?, ?, ?)
Hibernate: 
    insert 
    into
        post
        (body, created_at, title, id) 
    values
        (?, ?, ?, ?)
Hibernate: 
    insert 
    into
        post
        (body, created_at, title, id) 
    values
        (?, ?, ?, ?)
Hibernate: 
    insert 
    into
        post
        (body, created_at, title, id) 
    values
        (?, ?, ?, ?)
Hibernate: 
    insert 
    into
        post
        (body, created_at, title, id) 
    values
        (?, ?, ?, ?)
Hibernate: 
    insert 
    into
        post
        (body, created_at, title, id) 
    values
        (?, ?, ?, ?)
Hibernate: 
    insert 
    into
        post
        (body, created_at, title, id) 
    values
        (?, ?, ?, ?)
Hibernate: 
    insert 
    into
        post
        (body, created_at, title, id) 
    values
        (?, ?, ?, ?)
Hibernate: 
    insert 
    into
        post
        (body, created_at, title, id) 
    values
        (?, ?, ?, ?)
Hibernate: 
    insert 
    into
        post
        (body, created_at, title, id) 
    values
        (?, ?, ?, ?)
Hibernate: 
    insert 
    into
        post
        (body, created_at, title, id) 
    values
        (?, ?, ?, ?)
Hibernate: 
    insert 
    into
        post
        (body, created_at, title, id) 
    values
        (?, ?, ?, ?)
Hibernate: 
    insert 
    into
        post
        (body, created_at, title, id) 
    values
        (?, ?, ?, ?)
Hibernate: 
    insert 
    into
        post
        (body, created_at, title, id) 
    values
        (?, ?, ?, ?)
Hibernate: 
    insert 
    into
        post
        (body, created_at, title, id) 
    values
        (?, ?, ?, ?)
Hibernate: 
    insert 
    into
        post
        (body, created_at, title, id) 
    values
        (?, ?, ?, ?)
Hibernate: 
    insert 
    into
        post
        (body, created_at, title, id) 
    values
        (?, ?, ?, ?)
Hibernate: 
    insert 
    into
        post
        (body, created_at, title, id) 
    values
        (?, ?, ?, ?)
Hibernate: 
    insert 
    into
        post
        (body, created_at, title, id) 
    values
        (?, ?, ?, ?)
Hibernate: 
    insert 
    into
        post
        (body, created_at, title, id) 
    values
        (?, ?, ?, ?)
Hibernate: 
    insert 
    into
        post
        (body, created_at, title, id) 
    values
        (?, ?, ?, ?)
Hibernate: 
    insert 
    into
        post
        (body, created_at, title, id) 
    values
        (?, ?, ?, ?)
Hibernate: 
    insert 
    into
        post
        (body, created_at, title, id) 
    values
        (?, ?, ?, ?)
Hibernate: 
    insert 
    into
        post
        (body, created_at, title, id) 
    values
        (?, ?, ?, ?)
Hibernate: 
    insert 
    into
        post
        (body, created_at, title, id) 
    values
        (?, ?, ?, ?)
Hibernate: 
    insert 
    into
        post
        (body, created_at, title, id) 
    values
        (?, ?, ?, ?)
Hibernate: 
    insert 
    into
        post
        (body, created_at, title, id) 
    values
        (?, ?, ?, ?)
Hibernate: 
    insert 
    into
        post
        (body, created_at, title, id) 
    values
        (?, ?, ?, ?)
Hibernate: 
    insert 
    into
        post
        (body, created_at, title, id) 
    values
        (?, ?, ?, ?)
Hibernate: 
    insert 
    into
        post
        (body, created_at, title, id) 
    values
        (?, ?, ?, ?)
Hibernate: 
    insert 
    into
        post
        (body, created_at, title, id) 
    values
        (?, ?, ?, ?)
Hibernate: 
    insert 
    into
        post
        (body, created_at, title, id) 
    values
        (?, ?, ?, ?)
Hibernate: 
    insert 
    into
        post
        (body, created_at, title, id) 
    values
        (?, ?, ?, ?)
Hibernate: 
    insert 
    into
        post
        (body, created_at, title, id) 
    values
        (?, ?, ?, ?)
Hibernate: 
    insert 
    into
        post
        (body, created_at, title, id) 
    values
        (?, ?, ?, ?)
Hibernate: 
    insert 
    into
        post
        (body, created_at, title, id) 
    values
        (?, ?, ?, ?)
Hibernate: 
    insert 
    into
        post
        (body, created_at, title, id) 
    values
        (?, ?, ?, ?)
Hibernate: 
    insert 
    into
        post
        (body, created_at, title, id) 
    values
        (?, ?, ?, ?)
Hibernate: 
    insert 
    into
        post
        (body, created_at, title, id) 
    values
        (?, ?, ?, ?)
Hibernate: 
    insert 
    into
        post
        (body, created_at, title, id) 
    values
        (?, ?, ?, ?)
Hibernate: 
    select
        next_val as id_val 
    from
        post_seq for update
Hibernate: 
    update
        post_seq 
    set
        next_val= ? 
    where
        next_val=?
Hibernate: 
    insert 
    into
        post
        (body, created_at, title, id) 
    values
        (?, ?, ?, ?)
Hibernate: 
    insert 
    into
        post
        (body, created_at, title, id) 
    values
        (?, ?, ?, ?)
Hibernate: 
    insert 
    into
        post
        (body, created_at, title, id) 
    values
        (?, ?, ?, ?)
Hibernate: 
    insert 
    into
        post
        (body, created_at, title, id) 
    values
        (?, ?, ?, ?)
Hibernate: 
    insert 
    into
        post
        (body, created_at, title, id) 
    values
        (?, ?, ?, ?)
Hibernate: 
    insert 
    into
        post
        (body, created_at, title, id) 
    values
        (?, ?, ?, ?)
Hibernate: 
    insert 
    into
        post
        (body, created_at, title, id) 
    values
        (?, ?, ?, ?)
Hibernate: 
    insert 
    into
        post
        (body, created_at, title, id) 
    values
        (?, ?, ?, ?)
Hibernate: 
    insert 
    into
        post
        (body, created_at, title, id) 
    values
        (?, ?, ?, ?)
Hibernate: 
    insert 
    into
        post
        (body, created_at, title, id) 
    values
        (?, ?, ?, ?)
Hibernate: 
    insert 
    into
        post
        (body, created_at, title, id) 
    values
        (?, ?, ?, ?)
Hibernate: 
    insert 
    into
        post
        (body, created_at, title, id) 
    values
        (?, ?, ?, ?)
Hibernate: 
    insert 
    into
        post
        (body, created_at, title, id) 
    values
        (?, ?, ?, ?)
Hibernate: 
    insert 
    into
        post
        (body, created_at, title, id) 
    values
        (?, ?, ?, ?)
Hibernate: 
    insert 
    into
        post
        (body, created_at, title, id) 
    values
        (?, ?, ?, ?)
Hibernate: 
    insert 
    into
        post
        (body, created_at, title, id) 
    values
        (?, ?, ?, ?)
Hibernate: 
    insert 
    into
        post
        (body, created_at, title, id) 
    values
        (?, ?, ?, ?)
Hibernate: 
    insert 
    into
        post
        (body, created_at, title, id) 
    values
        (?, ?, ?, ?)
Hibernate: 
    insert 
    into
        post
        (body, created_at, title, id) 
    values
        (?, ?, ?, ?)
Hibernate: 
    insert 
    into
        post
        (body, created_at, title, id) 
    values
        (?, ?, ?, ?)
Hibernate: 
    insert 
    into
        post
        (body, created_at, title, id) 
    values
        (?, ?, ?, ?)
Hibernate: 
    insert 
    into
        post
        (body, created_at, title, id) 
    values
        (?, ?, ?, ?)
Hibernate: 
    insert 
    into
        post
        (body, created_at, title, id) 
    values
        (?, ?, ?, ?)
Hibernate: 
    insert 
    into
        post
        (body, created_at, title, id) 
    values
        (?, ?, ?, ?)
Hibernate: 
    insert 
    into
        post
        (body, created_at, title, id) 
    values
        (?, ?, ?, ?)
Hibernate: 
    insert 
    into
        post
        (body, created_at, title, id) 
    values
        (?, ?, ?, ?)
Hibernate: 
    insert 
    into
        post
        (body, created_at, title, id) 
    values
        (?, ?, ?, ?)
Hibernate: 
    insert 
    into
        post
        (body, created_at, title, id) 
    values
        (?, ?, ?, ?)
Hibernate: 
    insert 
    into
        post
        (body, created_at, title, id) 
    values
        (?, ?, ?, ?)
Hibernate: 
    insert 
    into
        post
        (body, created_at, title, id) 
    values
        (?, ?, ?, ?)
Hibernate: 
    insert 
    into
        post
        (body, created_at, title, id) 
    values
        (?, ?, ?, ?)
Hibernate: 
    insert 
    into
        post
        (body, created_at, title, id) 
    values
        (?, ?, ?, ?)
Hibernate: 
    insert 
    into
        post
        (body, created_at, title, id) 
    values
        (?, ?, ?, ?)
Hibernate: 
    insert 
    into
        post
        (body, created_at, title, id) 
    values
        (?, ?, ?, ?)
Hibernate: 
    insert 
    into
        post
        (body, created_at, title, id) 
    values
        (?, ?, ?, ?)
Hibernate: 
    insert 
    into
        post
        (body, created_at, title, id) 
    values
        (?, ?, ?, ?)
Hibernate: 
    insert 
    into
        post
        (body, created_at, title, id) 
    values
        (?, ?, ?, ?)
Hibernate: 
    insert 
    into
        post
        (body, created_at, title, id) 
    values
        (?, ?, ?, ?)
Hibernate: 
    insert 
    into
        post
        (body, created_at, title, id) 
    values
        (?, ?, ?, ?)
Hibernate: 
    insert 
    into
        post
        (body, created_at, title, id) 
    values
        (?, ?, ?, ?)
Hibernate: 
    insert 
    into
        post
        (body, created_at, title, id) 
    values
        (?, ?, ?, ?)
Hibernate: 
    insert 
    into
        post
        (body, created_at, title, id) 
    values
        (?, ?, ?, ?)
Hibernate: 
    insert 
    into
        post
        (body, created_at, title, id) 
    values
        (?, ?, ?, ?)
Hibernate: 
    insert 
    into
        post
        (body, created_at, title, id) 
    values
        (?, ?, ?, ?)
Hibernate: 
    insert 
    into
        post
        (body, created_at, title, id) 
    values
        (?, ?, ?, ?)
Hibernate: 
    insert 
    into
        post
        (body, created_at, title, id) 
    values
        (?, ?, ?, ?)
Hibernate: 
    insert 
    into
        post
        (body, created_at, title, id) 
    values
        (?, ?, ?, ?)
Hibernate: 
    insert 
    into
        post
        (body, created_at, title, id) 
    values
        (?, ?, ?, ?)
Hibernate: 
    insert 
    into
        post
        (body, created_at, title, id) 
    values
        (?, ?, ?, ?)
Hibernate: 
    insert 
    into
        post
        (body, created_at, title, id) 
    values
        (?, ?, ?, ?)
Hibernate: 
    select
        next_val as id_val 
    from
        post_seq for update
Hibernate: 
    update
        post_seq 
    set
        next_val= ? 
    where
        next_val=?
Hibernate: 
    insert 
    into
        post
        (body, created_at, title, id) 
    values
        (?, ?, ?, ?)
Hibernate: 
    insert 
    into
        post
        (body, created_at, title, id) 
    values
        (?, ?, ?, ?)
Hibernate: 
    insert 
    into
        post
        (body, created_at, title, id) 
    values
        (?, ?, ?, ?)
Hibernate: 
    insert 
    into
        post
        (body, created_at, title, id) 
    values
        (?, ?, ?, ?)
Hibernate: 
    insert 
    into
        post
        (body, created_at, title, id) 
    values
        (?, ?, ?, ?)
Hibernate: 
    insert 
    into
        post
        (body, created_at, title, id) 
    values
        (?, ?, ?, ?)
Hibernate: 
    insert 
    into
        post
        (body, created_at, title, id) 
    values
        (?, ?, ?, ?)
Hibernate: 
    insert 
    into
        post
        (body, created_at, title, id) 
    values
        (?, ?, ?, ?)
Hibernate: 
    insert 
    into
        post
        (body, created_at, title, id) 
    values
        (?, ?, ?, ?)
Hibernate: 
    insert 
    into
        post
        (body, created_at, title, id) 
    values
        (?, ?, ?, ?)
Hibernate: 
    insert 
    into
        post
        (body, created_at, title, id) 
    values
        (?, ?, ?, ?)
Hibernate: 
    insert 
    into
        post
        (body, created_at, title, id) 
    values
        (?, ?, ?, ?)
Hibernate: 
    insert 
    into
        post
        (body, created_at, title, id) 
    values
        (?, ?, ?, ?)
Hibernate: 
    insert 
    into
        post
        (body, created_at, title, id) 
    values
        (?, ?, ?, ?)
Hibernate: 
    insert 
    into
        post
        (body, created_at, title, id) 
    values
        (?, ?, ?, ?)
Hibernate: 
    insert 
    into
        post
        (body, created_at, title, id) 
    values
        (?, ?, ?, ?)
Hibernate: 
    insert 
    into
        post
        (body, created_at, title, id) 
    values
        (?, ?, ?, ?)
Hibernate: 
    insert 
    into
        post
        (body, created_at, title, id) 
    values
        (?, ?, ?, ?)
Hibernate: 
    insert 
    into
        post
        (body, created_at, title, id) 
    values
        (?, ?, ?, ?)
Hibernate: 
    insert 
    into
        post
        (body, created_at, title, id) 
    values
        (?, ?, ?, ?)
Hibernate: 
    insert 
    into
        post
        (body, created_at, title, id) 
    values
        (?, ?, ?, ?)
Hibernate: 
    insert 
    into
        post
        (body, created_at, title, id) 
    values
        (?, ?, ?, ?)
Hibernate: 
    insert 
    into
        post
        (body, created_at, title, id) 
    values
        (?, ?, ?, ?)
Hibernate: 
    insert 
    into
        post
        (body, created_at, title, id) 
    values
        (?, ?, ?, ?)
Hibernate: 
    insert 
    into
        post
        (body, created_at, title, id) 
    values
        (?, ?, ?, ?)
Hibernate: 
    insert 
    into
        post
        (body, created_at, title, id) 
    values
        (?, ?, ?, ?)
Hibernate: 
    insert 
    into
        post
        (body, created_at, title, id) 
    values
        (?, ?, ?, ?)
Hibernate: 
    insert 
    into
        post
        (body, created_at, title, id) 
    values
        (?, ?, ?, ?)
Hibernate: 
    insert 
    into
        post
        (body, created_at, title, id) 
    values
        (?, ?, ?, ?)
Hibernate: 
    insert 
    into
        post
        (body, created_at, title, id) 
    values
        (?, ?, ?, ?)
Hibernate: 
    insert 
    into
        post
        (body, created_at, title, id) 
    values
        (?, ?, ?, ?)
Hibernate: 
    insert 
    into
        post
        (body, created_at, title, id) 
    values
        (?, ?, ?, ?)
Hibernate: 
    insert 
    into
        post
        (body, created_at, title, id) 
    values
        (?, ?, ?, ?)
Hibernate: 
    insert 
    into
        post
        (body, created_at, title, id) 
    values
        (?, ?, ?, ?)
Hibernate: 
    insert 
    into
        post
        (body, created_at, title, id) 
    values
        (?, ?, ?, ?)
Hibernate: 
    insert 
    into
        post
        (body, created_at, title, id) 
    values
        (?, ?, ?, ?)
Hibernate: 
    insert 
    into
        post
        (body, created_at, title, id) 
    values
        (?, ?, ?, ?)
Hibernate: 
    insert 
    into
        post
        (body, created_at, title, id) 
    values
        (?, ?, ?, ?)
Hibernate: 
    insert 
    into
        post
        (body, created_at, title, id) 
    values
        (?, ?, ?, ?)
Hibernate: 
    insert 
    into
        post
        (body, created_at, title, id) 
    values
        (?, ?, ?, ?)
Hibernate: 
    insert 
    into
        post
        (body, created_at, title, id) 
    values
        (?, ?, ?, ?)
Hibernate: 
    insert 
    into
        post
        (body, created_at, title, id) 
    values
        (?, ?, ?, ?)
Hibernate: 
    insert 
    into
        post
        (body, created_at, title, id) 
    values
        (?, ?, ?, ?)
Hibernate: 
    insert 
    into
        post
        (body, created_at, title, id) 
    values
        (?, ?, ?, ?)
Hibernate: 
    insert 
    into
        post
        (body, created_at, title, id) 
    values
        (?, ?, ?, ?)
Hibernate: 
    insert 
    into
        post
        (body, created_at, title, id) 
    values
        (?, ?, ?, ?)
Hibernate: 
    insert 
    into
        post
        (body, created_at, title, id) 
    values
        (?, ?, ?, ?)
Hibernate: 
    insert 
    into
        post
        (body, created_at, title, id) 
    values
        (?, ?, ?, ?)
Hibernate: 
    insert 
    into
        post
        (body, created_at, title, id) 
    values
        (?, ?, ?, ?)
Hibernate: 
    insert 
    into
        post
        (body, created_at, title, id) 
    values
        (?, ?, ?, ?)
Hibernate: 
    select
        next_val as id_val 
    from
        post_seq for update
Hibernate: 
    update
        post_seq 
    set
        next_val= ? 
    where
        next_val=?
Hibernate: 
    insert 
    into
        post
        (body, created_at, title, id) 
    values
        (?, ?, ?, ?)
Hibernate: 
    insert 
    into
        post
        (body, created_at, title, id) 
    values
        (?, ?, ?, ?)
Hibernate: 
    insert 
    into
        post
        (body, created_at, title, id) 
    values
        (?, ?, ?, ?)
Hibernate: 
    insert 
    into
        post
        (body, created_at, title, id) 
    values
        (?, ?, ?, ?)
Hibernate: 
    insert 
    into
        post
        (body, created_at, title, id) 
    values
        (?, ?, ?, ?)
Hibernate: 
    insert 
    into
        post
        (body, created_at, title, id) 
    values
        (?, ?, ?, ?)
Hibernate: 
    insert 
    into
        post
        (body, created_at, title, id) 
    values
        (?, ?, ?, ?)
Hibernate: 
    insert 
    into
        post
        (body, created_at, title, id) 
    values
        (?, ?, ?, ?)
Hibernate: 
    insert 
    into
        post
        (body, created_at, title, id) 
    values
        (?, ?, ?, ?)
Hibernate: 
    insert 
    into
        post
        (body, created_at, title, id) 
    values
        (?, ?, ?, ?)
Hibernate: 
    insert 
    into
        post
        (body, created_at, title, id) 
    values
        (?, ?, ?, ?)
Hibernate: 
    insert 
    into
        post
        (body, created_at, title, id) 
    values
        (?, ?, ?, ?)
Hibernate: 
    insert 
    into
        post
        (body, created_at, title, id) 
    values
        (?, ?, ?, ?)
Hibernate: 
    insert 
    into
        post
        (body, created_at, title, id) 
    values
        (?, ?, ?, ?)
Hibernate: 
    insert 
    into
        post
        (body, created_at, title, id) 
    values
        (?, ?, ?, ?)
Hibernate: 
    insert 
    into
        post
        (body, created_at, title, id) 
    values
        (?, ?, ?, ?)
Hibernate: 
    insert 
    into
        post
        (body, created_at, title, id) 
    values
        (?, ?, ?, ?)
Hibernate: 
    insert 
    into
        post
        (body, created_at, title, id) 
    values
        (?, ?, ?, ?)
Hibernate: 
    insert 
    into
        post
        (body, created_at, title, id) 
    values
        (?, ?, ?, ?)
Hibernate: 
    insert 
    into
        post
        (body, created_at, title, id) 
    values
        (?, ?, ?, ?)
Hibernate: 
    insert 
    into
        post
        (body, created_at, title, id) 
    values
        (?, ?, ?, ?)
Hibernate: 
    insert 
    into
        post
        (body, created_at, title, id) 
    values
        (?, ?, ?, ?)
Hibernate: 
    insert 
    into
        post
        (body, created_at, title, id) 
    values
        (?, ?, ?, ?)
Hibernate: 
    insert 
    into
        post
        (body, created_at, title, id) 
    values
        (?, ?, ?, ?)
Hibernate: 
    insert 
    into
        post
        (body, created_at, title, id) 
    values
        (?, ?, ?, ?)
Hibernate: 
    insert 
    into
        post
        (body, created_at, title, id) 
    values
        (?, ?, ?, ?)
Hibernate: 
    insert 
    into
        post
        (body, created_at, title, id) 
    values
        (?, ?, ?, ?)
Hibernate: 
    insert 
    into
        post
        (body, created_at, title, id) 
    values
        (?, ?, ?, ?)
Hibernate: 
    insert 
    into
        post
        (body, created_at, title, id) 
    values
        (?, ?, ?, ?)
Hibernate: 
    insert 
    into
        post
        (body, created_at, title, id) 
    values
        (?, ?, ?, ?)
Hibernate: 
    insert 
    into
        post
        (body, created_at, title, id) 
    values
        (?, ?, ?, ?)
Hibernate: 
    insert 
    into
        post
        (body, created_at, title, id) 
    values
        (?, ?, ?, ?)
Hibernate: 
    insert 
    into
        post
        (body, created_at, title, id) 
    values
        (?, ?, ?, ?)
Hibernate: 
    insert 
    into
        post
        (body, created_at, title, id) 
    values
        (?, ?, ?, ?)
Hibernate: 
    insert 
    into
        post
        (body, created_at, title, id) 
    values
        (?, ?, ?, ?)
Hibernate: 
    insert 
    into
        post
        (body, created_at, title, id) 
    values
        (?, ?, ?, ?)
Hibernate: 
    insert 
    into
        post
        (body, created_at, title, id) 
    values
        (?, ?, ?, ?)
Hibernate: 
    insert 
    into
        post
        (body, created_at, title, id) 
    values
        (?, ?, ?, ?)
Hibernate: 
    insert 
    into
        post
        (body, created_at, title, id) 
    values
        (?, ?, ?, ?)
Hibernate: 
    insert 
    into
        post
        (body, created_at, title, id) 
    values
        (?, ?, ?, ?)
Hibernate: 
    insert 
    into
        post
        (body, created_at, title, id) 
    values
        (?, ?, ?, ?)
Hibernate: 
    insert 
    into
        post
        (body, created_at, title, id) 
    values
        (?, ?, ?, ?)
Hibernate: 
    insert 
    into
        post
        (body, created_at, title, id) 
    values
        (?, ?, ?, ?)
Hibernate: 
    insert 
    into
        post
        (body, created_at, title, id) 
    values
        (?, ?, ?, ?)
Hibernate: 
    insert 
    into
        post
        (body, created_at, title, id) 
    values
        (?, ?, ?, ?)
Hibernate: 
    insert 
    into
        post
        (body, created_at, title, id) 
    values
        (?, ?, ?, ?)
Hibernate: 
    insert 
    into
        post
        (body, created_at, title, id) 
    values
        (?, ?, ?, ?)
Hibernate: 
    insert 
    into
        post
        (body, created_at, title, id) 
    values
        (?, ?, ?, ?)
Hibernate: 
    insert 
    into
        post
        (body, created_at, title, id) 
    values
        (?, ?, ?, ?)
Hibernate: 
    insert 
    into
        post
        (body, created_at, title, id) 
    values
        (?, ?, ?, ?)
Hibernate: 
    select
        next_val as id_val 
    from
        post_seq for update
Hibernate: 
    update
        post_seq 
    set
        next_val= ? 
    where
        next_val=?
Hibernate: 
    insert 
    into
        post
        (body, created_at, title, id) 
    values
        (?, ?, ?, ?)
Hibernate: 
    insert 
    into
        post
        (body, created_at, title, id) 
    values
        (?, ?, ?, ?)
Hibernate: 
    insert 
    into
        post
        (body, created_at, title, id) 
    values
        (?, ?, ?, ?)
Hibernate: 
    insert 
    into
        post
        (body, created_at, title, id) 
    values
        (?, ?, ?, ?)
Hibernate: 
    insert 
    into
        post
        (body, created_at, title, id) 
    values
        (?, ?, ?, ?)
Hibernate: 
    insert 
    into
        post
        (body, created_at, title, id) 
    values
        (?, ?, ?, ?)
Hibernate: 
    insert 
    into
        post
        (body, created_at, title, id) 
    values
        (?, ?, ?, ?)
Hibernate: 
    insert 
    into
        post
        (body, created_at, title, id) 
    values
        (?, ?, ?, ?)
Hibernate: 
    insert 
    into
        post
        (body, created_at, title, id) 
    values
        (?, ?, ?, ?)
Hibernate: 
    insert 
    into
        post
        (body, created_at, title, id) 
    values
        (?, ?, ?, ?)
Hibernate: 
    insert 
    into
        post
        (body, created_at, title, id) 
    values
        (?, ?, ?, ?)
Hibernate: 
    insert 
    into
        post
        (body, created_at, title, id) 
    values
        (?, ?, ?, ?)
Hibernate: 
    insert 
    into
        post
        (body, created_at, title, id) 
    values
        (?, ?, ?, ?)
Hibernate: 
    insert 
    into
        post
        (body, created_at, title, id) 
    values
        (?, ?, ?, ?)
Hibernate: 
    insert 
    into
        post
        (body, created_at, title, id) 
    values
        (?, ?, ?, ?)
Hibernate: 
    insert 
    into
        post
        (body, created_at, title, id) 
    values
        (?, ?, ?, ?)
Hibernate: 
    insert 
    into
        post
        (body, created_at, title, id) 
    values
        (?, ?, ?, ?)
Hibernate: 
    insert 
    into
        post
        (body, created_at, title, id) 
    values
        (?, ?, ?, ?)
Hibernate: 
    insert 
    into
        post
        (body, created_at, title, id) 
    values
        (?, ?, ?, ?)
Hibernate: 
    insert 
    into
        post
        (body, created_at, title, id) 
    values
        (?, ?, ?, ?)
Hibernate: 
    insert 
    into
        post
        (body, created_at, title, id) 
    values
        (?, ?, ?, ?)
Hibernate: 
    insert 
    into
        post
        (body, created_at, title, id) 
    values
        (?, ?, ?, ?)
Hibernate: 
    insert 
    into
        post
        (body, created_at, title, id) 
    values
        (?, ?, ?, ?)
Hibernate: 
    insert 
    into
        post
        (body, created_at, title, id) 
    values
        (?, ?, ?, ?)
Hibernate: 
    insert 
    into
        post
        (body, created_at, title, id) 
    values
        (?, ?, ?, ?)
Hibernate: 
    insert 
    into
        post
        (body, created_at, title, id) 
    values
        (?, ?, ?, ?)
Hibernate: 
    insert 
    into
        post
        (body, created_at, title, id) 
    values
        (?, ?, ?, ?)
Hibernate: 
    insert 
    into
        post
        (body, created_at, title, id) 
    values
        (?, ?, ?, ?)
Hibernate: 
    insert 
    into
        post
        (body, created_at, title, id) 
    values
        (?, ?, ?, ?)
Hibernate: 
    insert 
    into
        post
        (body, created_at, title, id) 
    values
        (?, ?, ?, ?)
Hibernate: 
    insert 
    into
        post
        (body, created_at, title, id) 
    values
        (?, ?, ?, ?)
Hibernate: 
    insert 
    into
        post
        (body, created_at, title, id) 
    values
        (?, ?, ?, ?)
Hibernate: 
    insert 
    into
        post
        (body, created_at, title, id) 
    values
        (?, ?, ?, ?)
Hibernate: 
    insert 
    into
        post
        (body, created_at, title, id) 
    values
        (?, ?, ?, ?)
Hibernate: 
    insert 
    into
        post
        (body, created_at, title, id) 
    values
        (?, ?, ?, ?)
Hibernate: 
    insert 
    into
        post
        (body, created_at, title, id) 
    values
        (?, ?, ?, ?)
Hibernate: 
    insert 
    into
        post
        (body, created_at, title, id) 
    values
        (?, ?, ?, ?)
Hibernate: 
    insert 
    into
        post
        (body, created_at, title, id) 
    values
        (?, ?, ?, ?)
Hibernate: 
    insert 
    into
        post
        (body, created_at, title, id) 
    values
        (?, ?, ?, ?)
Hibernate: 
    insert 
    into
        post
        (body, created_at, title, id) 
    values
        (?, ?, ?, ?)
Hibernate: 
    insert 
    into
        post
        (body, created_at, title, id) 
    values
        (?, ?, ?, ?)
Hibernate: 
    insert 
    into
        post
        (body, created_at, title, id) 
    values
        (?, ?, ?, ?)
Hibernate: 
    insert 
    into
        post
        (body, created_at, title, id) 
    values
        (?, ?, ?, ?)
Hibernate: 
    insert 
    into
        post
        (body, created_at, title, id) 
    values
        (?, ?, ?, ?)
Hibernate: 
    insert 
    into
        post
        (body, created_at, title, id) 
    values
        (?, ?, ?, ?)
Hibernate: 
    insert 
    into
        post
        (body, created_at, title, id) 
    values
        (?, ?, ?, ?)
Hibernate: 
    insert 
    into
        post
        (body, created_at, title, id) 
    values
        (?, ?, ?, ?)
Hibernate: 
    insert 
    into
        post
        (body, created_at, title, id) 
    values
        (?, ?, ?, ?)
Hibernate: 
    insert 
    into
        post
        (body, created_at, title, id) 
    values
        (?, ?, ?, ?)
Hibernate: 
    insert 
    into
        post
        (body, created_at, title, id) 
    values
        (?, ?, ?, ?)
Hibernate: 
    select
        next_val as id_val 
    from
        post_seq for update
Hibernate: 
    update
        post_seq 
    set
        next_val= ? 
    where
        next_val=?
Hibernate: 
    insert 
    into
        post
        (body, created_at, title, id) 
    values
        (?, ?, ?, ?)
Hibernate: 
    insert 
    into
        post
        (body, created_at, title, id) 
    values
        (?, ?, ?, ?)
Hibernate: 
    insert 
    into
        post
        (body, created_at, title, id) 
    values
        (?, ?, ?, ?)
Hibernate: 
    insert 
    into
        post
        (body, created_at, title, id) 
    values
        (?, ?, ?, ?)
Hibernate: 
    insert 
    into
        post
        (body, created_at, title, id) 
    values
        (?, ?, ?, ?)
Hibernate: 
    insert 
    into
        post
        (body, created_at, title, id) 
    values
        (?, ?, ?, ?)
Hibernate: 
    insert 
    into
        post
        (body, created_at, title, id) 
    values
        (?, ?, ?, ?)
Hibernate: 
    insert 
    into
        post
        (body, created_at, title, id) 
    values
        (?, ?, ?, ?)
Hibernate: 
    insert 
    into
        post
        (body, created_at, title, id) 
    values
        (?, ?, ?, ?)
Hibernate: 
    insert 
    into
        post
        (body, created_at, title, id) 
    values
        (?, ?, ?, ?)
Hibernate: 
    insert 
    into
        post
        (body, created_at, title, id) 
    values
        (?, ?, ?, ?)
Hibernate: 
    insert 
    into
        post
        (body, created_at, title, id) 
    values
        (?, ?, ?, ?)
Hibernate: 
    insert 
    into
        post
        (body, created_at, title, id) 
    values
        (?, ?, ?, ?)
Hibernate: 
    insert 
    into
        post
        (body, created_at, title, id) 
    values
        (?, ?, ?, ?)
Hibernate: 
    insert 
    into
        post
        (body, created_at, title, id) 
    values
        (?, ?, ?, ?)
Hibernate: 
    insert 
    into
        post
        (body, created_at, title, id) 
    values
        (?, ?, ?, ?)
Hibernate: 
    insert 
    into
        post
        (body, created_at, title, id) 
    values
        (?, ?, ?, ?)
Hibernate: 
    insert 
    into
        post
        (body, created_at, title, id) 
    values
        (?, ?, ?, ?)
Hibernate: 
    insert 
    into
        post
        (body, created_at, title, id) 
    values
        (?, ?, ?, ?)
Hibernate: 
    insert 
    into
        post
        (body, created_at, title, id) 
    values
        (?, ?, ?, ?)
Hibernate: 
    insert 
    into
        post
        (body, created_at, title, id) 
    values
        (?, ?, ?, ?)
Hibernate: 
    insert 
    into
        post
        (body, created_at, title, id) 
    values
        (?, ?, ?, ?)
Hibernate: 
    insert 
    into
        post
        (body, created_at, title, id) 
    values
        (?, ?, ?, ?)
Hibernate: 
    insert 
    into
        post
        (body, created_at, title, id) 
    values
        (?, ?, ?, ?)
Hibernate: 
    insert 
    into
        post
        (body, created_at, title, id) 
    values
        (?, ?, ?, ?)
Hibernate: 
    insert 
    into
        post
[...]
    values
        (?, ?, ?, ?)
Hibernate: 
    insert 
    into
        post
        (body, created_at, title, id) 
    values
        (?, ?, ?, ?)
Hibernate: 
    insert 
    into
        post
        (body, created_at, title, id) 
    values
        (?, ?, ?, ?)
Hibernate: 
    insert 
    into
        post
        (body, created_at, title, id) 
    values
        (?, ?, ?, ?)
Hibernate: 
    insert 
    into
        post
        (body, created_at, title, id) 
    values
        (?, ?, ?, ?)
Hibernate: 
    insert 
    into
        post
        (body, created_at, title, id) 
    values
        (?, ?, ?, ?)
Hibernate: 
    insert 
    into
        post
        (body, created_at, title, id) 
    values
        (?, ?, ?, ?)
Hibernate: 
    insert 
    into
        post
        (body, created_at, title, id) 
    values
        (?, ?, ?, ?)
Hibernate: 
    insert 
    into
        post
        (body, created_at, title, id) 
    values
        (?, ?, ?, ?)
Hibernate: 
    insert 
    into
        post
        (body, created_at, title, id) 
    values
        (?, ?, ?, ?)
Hibernate: 
    insert 
    into
        post
        (body, created_at, title, id) 
    values
        (?, ?, ?, ?)
Hibernate: 
    insert 
    into
        post
        (body, created_at, title, id) 
    values
        (?, ?, ?, ?)
Hibernate: 
    insert 
    into
        post
        (body, created_at, title, id) 
    values
        (?, ?, ?, ?)
Hibernate: 
    insert 
    into
        post
        (body, created_at, title, id) 
    values
        (?, ?, ?, ?)
Hibernate: 
    insert 
    into
        post
        (body, created_at, title, id) 
    values
        (?, ?, ?, ?)
Hibernate: 
    insert 
    into
        post
        (body, created_at, title, id) 
    values
        (?, ?, ?, ?)
Hibernate: 
    select
        next_val as id_val 
    from
        post_seq for update
Hibernate: 
    update
        post_seq 
    set
        next_val= ? 
    where
        next_val=?
Hibernate: 
    insert 
    into
        post
        (body, created_at, title, id) 
    values
        (?, ?, ?, ?)
Hibernate: 
    insert 
    into
        post
        (body, created_at, title, id) 
    values
        (?, ?, ?, ?)
Hibernate: 
    insert 
    into
        post
        (body, created_at, title, id) 
    values
        (?, ?, ?, ?)
Hibernate: 
    insert 
    into
        post
        (body, created_at, title, id) 
    values
        (?, ?, ?, ?)
Hibernate: 
    insert 
    into
        post
        (body, created_at, title, id) 
    values
        (?, ?, ?, ?)
Hibernate: 
    insert 
    into
        post
        (body, created_at, title, id) 
    values
        (?, ?, ?, ?)
Hibernate: 
    insert 
    into
        post
        (body, created_at, title, id) 
    values
        (?, ?, ?, ?)
Hibernate: 
    insert 
    into
        post
        (body, created_at, title, id) 
    values
        (?, ?, ?, ?)
Hibernate: 
    insert 
    into
        post
        (body, created_at, title, id) 
    values
        (?, ?, ?, ?)
Hibernate: 
    insert 
    into
        post
        (body, created_at, title, id) 
    values
        (?, ?, ?, ?)
Hibernate: 
    insert 
    into
        post
        (body, created_at, title, id) 
    values
        (?, ?, ?, ?)
Hibernate: 
    insert 
    into
        post
        (body, created_at, title, id) 
    values
        (?, ?, ?, ?)
Hibernate: 
    insert 
    into
        post
        (body, created_at, title, id) 
    values
        (?, ?, ?, ?)
Hibernate: 
    insert 
    into
        post
        (body, created_at, title, id) 
    values
        (?, ?, ?, ?)
Hibernate: 
    insert 
    into
        post
        (body, created_at, title, id) 
    values
        (?, ?, ?, ?)
Hibernate: 
    insert 
    into
        post
        (body, created_at, title, id) 
    values
        (?, ?, ?, ?)
Hibernate: 
    insert 
    into
        post
        (body, created_at, title, id) 
    values
        (?, ?, ?, ?)
Hibernate: 
    insert 
    into
        post
        (body, created_at, title, id) 
    values
        (?, ?, ?, ?)
Hibernate: 
    insert 
    into
        post
        (body, created_at, title, id) 
    values
        (?, ?, ?, ?)
Hibernate: 
    insert 
    into
        post
        (body, created_at, title, id) 
    values
        (?, ?, ?, ?)
Hibernate: 
    insert 
    into
        post
        (body, created_at, title, id) 
    values
        (?, ?, ?, ?)
Hibernate: 
    insert 
    into
        post
        (body, created_at, title, id) 
    values
        (?, ?, ?, ?)
Hibernate: 
    insert 
    into
        post
        (body, created_at, title, id) 
    values
        (?, ?, ?, ?)
Hibernate: 
    insert 
    into
        post
        (body, created_at, title, id) 
    values
        (?, ?, ?, ?)
Hibernate: 
    insert 
    into
        post
        (body, created_at, title, id) 
    values
        (?, ?, ?, ?)
Hibernate: 
    insert 
    into
        post
        (body, created_at, title, id) 
    values
        (?, ?, ?, ?)
Hibernate: 
    insert 
    into
        post
        (body, created_at, title, id) 
    values
        (?, ?, ?, ?)
Hibernate: 
    insert 
    into
        post
        (body, created_at, title, id) 
    values
        (?, ?, ?, ?)
Hibernate: 
    insert 
    into
        post
        (body, created_at, title, id) 
    values
        (?, ?, ?, ?)
Hibernate: 
    insert 
    into
        post
        (body, created_at, title, id) 
    values
        (?, ?, ?, ?)
Hibernate: 
    insert 
    into
        post
        (body, created_at, title, id) 
    values
        (?, ?, ?, ?)
Hibernate: 
    insert 
    into
        post
        (body, created_at, title, id) 
    values
        (?, ?, ?, ?)
Hibernate: 
    insert 
    into
        post
        (body, created_at, title, id) 
    values
        (?, ?, ?, ?)
Hibernate: 
    insert 
    into
        post
        (body, created_at, title, id) 
    values
        (?, ?, ?, ?)
Hibernate: 
    insert 
    into
        post
        (body, created_at, title, id) 
    values
        (?, ?, ?, ?)
Hibernate: 
    insert 
    into
        post
        (body, created_at, title, id) 
    values
        (?, ?, ?, ?)
Hibernate: 
    insert 
    into
        post
        (body, created_at, title, id) 
    values
        (?, ?, ?, ?)
Hibernate: 
    insert 
    into
        post
        (body, created_at, title, id) 
    values
        (?, ?, ?, ?)
Hibernate: 
    insert 
    into
        post
        (body, created_at, title, id) 
    values
        (?, ?, ?, ?)
Hibernate: 
    insert 
    into
        post
        (body, created_at, title, id) 
    values
        (?, ?, ?, ?)
Hibernate: 
    insert 
    into
        post
        (body, created_at, title, id) 
    values
        (?, ?, ?, ?)
Hibernate: 
    insert 
    into
        post
        (body, created_at, title, id) 
    values
        (?, ?, ?, ?)
Hibernate: 
    insert 
    into
        post
        (body, created_at, title, id) 
    values
        (?, ?, ?, ?)
Hibernate: 
    insert 
    into
        post
        (body, created_at, title, id) 
    values
        (?, ?, ?, ?)
Hibernate: 
    insert 
    into
        post
        (body, created_at, title, id) 
    values
        (?, ?, ?, ?)
Hibernate: 
    insert 
    into
        post
        (body, created_at, title, id) 
    values
        (?, ?, ?, ?)
Hibernate: 
    insert 
    into
        post
        (body, created_at, title, id) 
    values
        (?, ?, ?, ?)
Hibernate: 
    insert 
    into
        post
        (body, created_at, title, id) 
    values
        (?, ?, ?, ?)
Hibernate: 
    insert 
    into
        post
        (body, created_at, title, id) 
    values
        (?, ?, ?, ?)
Hibernate: 
    insert 
    into
        post
        (body, created_at, title, id) 
    values
        (?, ?, ?, ?)
Hibernate: 
    select
        next_val as id_val 
    from
        post_seq for update
Hibernate: 
    update
        post_seq 
    set
        next_val= ? 
    where
        next_val=?
Hibernate: 
    insert 
    into
        post
        (body, created_at, title, id) 
    values
        (?, ?, ?, ?)
Hibernate: 
    insert 
    into
        post
        (body, created_at, title, id) 
    values
        (?, ?, ?, ?)
Hibernate: 
    insert 
    into
        post
        (body, created_at, title, id) 
    values
        (?, ?, ?, ?)
Hibernate: 
    insert 
    into
        post
        (body, created_at, title, id) 
    values
        (?, ?, ?, ?)
Hibernate: 
    insert 
    into
        post
        (body, created_at, title, id) 
    values
        (?, ?, ?, ?)
Hibernate: 
    insert 
    into
        post
        (body, created_at, title, id) 
    values
        (?, ?, ?, ?)
Hibernate: 
    insert 
    into
        post
        (body, created_at, title, id) 
    values
        (?, ?, ?, ?)
Hibernate: 
    insert 
    into
        post
        (body, created_at, title, id) 
    values
        (?, ?, ?, ?)
Hibernate: 
    insert 
    into
        post
        (body, created_at, title, id) 
    values
        (?, ?, ?, ?)
Hibernate: 
    insert 
    into
        post
        (body, created_at, title, id) 
    values
        (?, ?, ?, ?)
Hibernate: 
    insert 
    into
        post
        (body, created_at, title, id) 
    values
        (?, ?, ?, ?)
Hibernate: 
    insert 
    into
        post
        (body, created_at, title, id) 
    values
        (?, ?, ?, ?)
Hibernate: 
    insert 
    into
        post
        (body, created_at, title, id) 
    values
        (?, ?, ?, ?)
Hibernate: 
    insert 
    into
        post
        (body, created_at, title, id) 
    values
        (?, ?, ?, ?)
Hibernate: 
    insert 
    into
        post
        (body, created_at, title, id) 
    values
        (?, ?, ?, ?)
Hibernate: 
    insert 
    into
        post
        (body, created_at, title, id) 
    values
        (?, ?, ?, ?)
Hibernate: 
    insert 
    into
        post
        (body, created_at, title, id) 
    values
        (?, ?, ?, ?)
Hibernate: 
    insert 
    into
        post
        (body, created_at, title, id) 
    values
        (?, ?, ?, ?)
Hibernate: 
    insert 
    into
        post
        (body, created_at, title, id) 
    values
        (?, ?, ?, ?)
Hibernate: 
    insert 
    into
        post
        (body, created_at, title, id) 
    values
        (?, ?, ?, ?)
Hibernate: 
    insert 
    into
        post
        (body, created_at, title, id) 
    values
        (?, ?, ?, ?)
Hibernate: 
    insert 
    into
        post
        (body, created_at, title, id) 
    values
        (?, ?, ?, ?)
Hibernate: 
    insert 
    into
        post
        (body, created_at, title, id) 
    values
        (?, ?, ?, ?)
Hibernate: 
    insert 
    into
        post
        (body, created_at, title, id) 
    values
        (?, ?, ?, ?)
Hibernate: 
    insert 
    into
        post
        (body, created_at, title, id) 
    values
        (?, ?, ?, ?)
Hibernate: 
    insert 
    into
        post
        (body, created_at, title, id) 
    values
        (?, ?, ?, ?)
Hibernate: 
    insert 
    into
        post
        (body, created_at, title, id) 
    values
        (?, ?, ?, ?)
Hibernate: 
    insert 
    into
        post
        (body, created_at, title, id) 
    values
        (?, ?, ?, ?)
Hibernate: 
    insert 
    into
        post
        (body, created_at, title, id) 
    values
        (?, ?, ?, ?)
Hibernate: 
    insert 
    into
        post
        (body, created_at, title, id) 
    values
        (?, ?, ?, ?)
Hibernate: 
    insert 
    into
        post
        (body, created_at, title, id) 
    values
        (?, ?, ?, ?)
Hibernate: 
    insert 
    into
        post
        (body, created_at, title, id) 
    values
        (?, ?, ?, ?)
Hibernate: 
    insert 
    into
        post
        (body, created_at, title, id) 
    values
        (?, ?, ?, ?)
Hibernate: 
    insert 
    into
        post
        (body, created_at, title, id) 
    values
        (?, ?, ?, ?)
Hibernate: 
    insert 
    into
        post
        (body, created_at, title, id) 
    values
        (?, ?, ?, ?)
Hibernate: 
    insert 
    into
        post
        (body, created_at, title, id) 
    values
        (?, ?, ?, ?)
Hibernate: 
    insert 
    into
        post
        (body, created_at, title, id) 
    values
        (?, ?, ?, ?)
Hibernate: 
    insert 
    into
        post
        (body, created_at, title, id) 
    values
        (?, ?, ?, ?)
Hibernate: 
    insert 
    into
        post
        (body, created_at, title, id) 
    values
        (?, ?, ?, ?)
Hibernate: 
    insert 
    into
        post
        (body, created_at, title, id) 
    values
        (?, ?, ?, ?)
Hibernate: 
    insert 
    into
        post
        (body, created_at, title, id) 
    values
        (?, ?, ?, ?)
Hibernate: 
    insert 
    into
        post
        (body, created_at, title, id) 
    values
        (?, ?, ?, ?)
Hibernate: 
    insert 
    into
        post
        (body, created_at, title, id) 
    values
        (?, ?, ?, ?)
Hibernate: 
    insert 
    into
        post
        (body, created_at, title, id) 
    values
        (?, ?, ?, ?)
Hibernate: 
    insert 
    into
        post
        (body, created_at, title, id) 
    values
        (?, ?, ?, ?)
Hibernate: 
    insert 
    into
        post
        (body, created_at, title, id) 
    values
        (?, ?, ?, ?)
Hibernate: 
    insert 
    into
        post
        (body, created_at, title, id) 
    values
        (?, ?, ?, ?)
Hibernate: 
    insert 
    into
        post
        (body, created_at, title, id) 
    values
        (?, ?, ?, ?)
Hibernate: 
    insert 
    into
        post
        (body, created_at, title, id) 
    values
        (?, ?, ?, ?)
Hibernate: 
    insert 
    into
        post
        (body, created_at, title, id) 
    values
        (?, ?, ?, ?)
Hibernate: 
    select
        next_val as id_val 
    from
        post_seq for update
Hibernate: 
    update
        post_seq 
    set
        next_val= ? 
    where
        next_val=?
Hibernate: 
    insert 
    into
        post
        (body, created_at, title, id) 
    values
        (?, ?, ?, ?)
Hibernate: 
    insert 
    into
        post
        (body, created_at, title, id) 
    values
        (?, ?, ?, ?)
Hibernate: 
    insert 
    into
        post
        (body, created_at, title, id) 
    values
        (?, ?, ?, ?)
Hibernate: 
    insert 
    into
        post
        (body, created_at, title, id) 
    values
        (?, ?, ?, ?)
Hibernate: 
    insert 
    into
        post
        (body, created_at, title, id) 
    values
        (?, ?, ?, ?)
Hibernate: 
    insert 
    into
        post
        (body, created_at, title, id) 
    values
        (?, ?, ?, ?)
Hibernate: 
    insert 
    into
        post
        (body, created_at, title, id) 
    values
        (?, ?, ?, ?)
Hibernate: 
    insert 
    into
        post
        (body, created_at, title, id) 
    values
        (?, ?, ?, ?)
Hibernate: 
    insert 
    into
        post
        (body, created_at, title, id) 
    values
        (?, ?, ?, ?)
Hibernate: 
    insert 
    into
        post
        (body, created_at, title, id) 
    values
        (?, ?, ?, ?)
Hibernate: 
    insert 
    into
        post
        (body, created_at, title, id) 
    values
        (?, ?, ?, ?)
Hibernate: 
    insert 
    into
        post
        (body, created_at, title, id) 
    values
        (?, ?, ?, ?)
Hibernate: 
    insert 
    into
        post
        (body, created_at, title, id) 
    values
        (?, ?, ?, ?)
Hibernate: 
    insert 
    into
        post
        (body, created_at, title, id) 
    values
        (?, ?, ?, ?)
Hibernate: 
    insert 
    into
        post
        (body, created_at, title, id) 
    values
        (?, ?, ?, ?)
Hibernate: 
    insert 
    into
        post
        (body, created_at, title, id) 
    values
        (?, ?, ?, ?)
Hibernate: 
    insert 
    into
        post
        (body, created_at, title, id) 
    values
        (?, ?, ?, ?)
Hibernate: 
    insert 
    into
        post
        (body, created_at, title, id) 
    values
        (?, ?, ?, ?)
Hibernate: 
    insert 
    into
        post
        (body, created_at, title, id) 
    values
        (?, ?, ?, ?)
Hibernate: 
    insert 
    into
        post
        (body, created_at, title, id) 
    values
        (?, ?, ?, ?)
Hibernate: 
    insert 
    into
        post
        (body, created_at, title, id) 
    values
        (?, ?, ?, ?)
Hibernate: 
    insert 
    into
        post
        (body, created_at, title, id) 
    values
        (?, ?, ?, ?)
Hibernate: 
    insert 
    into
        post
        (body, created_at, title, id) 
    values
        (?, ?, ?, ?)
Hibernate: 
    insert 
    into
        post
        (body, created_at, title, id) 
    values
        (?, ?, ?, ?)
Hibernate: 
    insert 
    into
        post
        (body, created_at, title, id) 
    values
        (?, ?, ?, ?)
Hibernate: 
    insert 
    into
        post
        (body, created_at, title, id) 
    values
        (?, ?, ?, ?)
Hibernate: 
    insert 
    into
        post
        (body, created_at, title, id) 
    values
        (?, ?, ?, ?)
Hibernate: 
    insert 
    into
        post
        (body, created_at, title, id) 
    values
        (?, ?, ?, ?)
Hibernate: 
    insert 
    into
        post
        (body, created_at, title, id) 
    values
        (?, ?, ?, ?)
Hibernate: 
    insert 
    into
        post
        (body, created_at, title, id) 
    values
        (?, ?, ?, ?)
Hibernate: 
    insert 
    into
        post
        (body, created_at, title, id) 
    values
        (?, ?, ?, ?)
Hibernate: 
    insert 
    into
        post
        (body, created_at, title, id) 
    values
        (?, ?, ?, ?)
Hibernate: 
    insert 
    into
        post
        (body, created_at, title, id) 
    values
        (?, ?, ?, ?)
Hibernate: 
    insert 
    into
        post
        (body, created_at, title, id) 
    values
        (?, ?, ?, ?)
Hibernate: 
    insert 
    into
        post
        (body, created_at, title, id) 
    values
        (?, ?, ?, ?)
Hibernate: 
    insert 
    into
        post
        (body, created_at, title, id) 
    values
        (?, ?, ?, ?)
Hibernate: 
    insert 
    into
        post
        (body, created_at, title, id) 
    values
        (?, ?, ?, ?)
Hibernate: 
    insert 
    into
        post
        (body, created_at, title, id) 
    values
        (?, ?, ?, ?)
Hibernate: 
    insert 
    into
        post
        (body, created_at, title, id) 
    values
        (?, ?, ?, ?)
Hibernate: 
    insert 
    into
        post
        (body, created_at, title, id) 
    values
        (?, ?, ?, ?)
Hibernate: 
    insert 
    into
        post
        (body, created_at, title, id) 
    values
        (?, ?, ?, ?)
Hibernate: 
    insert 
    into
        post
        (body, created_at, title, id) 
    values
        (?, ?, ?, ?)
Hibernate: 
    insert 
    into
        post
        (body, created_at, title, id) 
    values
        (?, ?, ?, ?)
Hibernate: 
    insert 
    into
        post
        (body, created_at, title, id) 
    values
        (?, ?, ?, ?)
Hibernate: 
    insert 
    into
        post
        (body, created_at, title, id) 
    values
        (?, ?, ?, ?)
Hibernate: 
    insert 
    into
        post
        (body, created_at, title, id) 
    values
        (?, ?, ?, ?)
Hibernate: 
    insert 
    into
        post
        (body, created_at, title, id) 
    values
        (?, ?, ?, ?)
Hibernate: 
    insert 
    into
        post
        (body, created_at, title, id) 
    values
        (?, ?, ?, ?)
Hibernate: 
    insert 
    into
        post
        (body, created_at, title, id) 
    values
        (?, ?, ?, ?)
Hibernate: 
    insert 
    into
        post
        (body, created_at, title, id) 
    values
        (?, ?, ?, ?)
]]></system-out>
  <system-err><![CDATA[]]></system-err>
</testsuite>
